0 verbose cli /Users/abdullaal-sabti/.nvm/versions/node/v20.18.1/bin/node /Users/abdullaal-sabti/.nvm/versions/node/v20.18.1/bin/npm
1 info using npm@11.1.0
2 info using node@v20.18.1
3 silly config load:file:/Users/abdullaal-sabti/.nvm/versions/node/v20.18.1/lib/node_modules/npm/npmrc
4 silly config load:file:/Volumes/2TBKINGSTON/Law7a/law7a/.npmrc
5 silly config load:file:/Users/abdullaal-sabti/.npmrc
6 silly config load:file:/Users/abdullaal-sabti/.nvm/versions/node/v20.18.1/etc/npmrc
7 verbose title npm install react-modal @headlessui/react
8 verbose argv "install" "react-modal" "@headlessui/react"
9 verbose logfile logs-max:10 dir:/Volumes/2TBKINGSTON/Law7a/law7a/npm-cache/_logs/2025-04-19T12_02_57_545Z-
10 verbose logfile /Volumes/2TBKINGSTON/Law7a/law7a/npm-cache/_logs/2025-04-19T12_02_57_545Z-debug-0.log
11 silly logfile start cleaning logs, removing 1 files
12 silly packumentCache heap:4345298944 maxSize:1086324736 maxEntrySize:543162368
13 silly logfile done cleaning log files
14 silly idealTree buildDeps
15 silly fetch manifest react-modal@*
16 silly packumentCache full:https://registry.npmjs.org/react-modal cache-miss
17 http fetch GET 200 https://registry.npmjs.org/react-modal 725ms (cache miss)
18 silly packumentCache full:https://registry.npmjs.org/react-modal set size:undefined disposed:false
19 silly fetch manifest react@^19.1.0
20 silly packumentCache full:https://registry.npmjs.org/react cache-miss
21 http fetch GET 200 https://registry.npmjs.org/react 299ms (cache updated)
22 silly packumentCache full:https://registry.npmjs.org/react set size:undefined disposed:false
23 silly fetch manifest react-dom@^19.1.0
24 silly packumentCache full:https://registry.npmjs.org/react-dom cache-miss
25 http fetch GET 200 https://registry.npmjs.org/react-dom 337ms (cache updated)
26 silly packumentCache full:https://registry.npmjs.org/react-dom set size:undefined disposed:false
27 silly fetch manifest @headlessui/react@*
28 silly packumentCache full:https://registry.npmjs.org/@headlessui%2freact cache-miss
29 http fetch GET 200 https://registry.npmjs.org/@headlessui%2freact 145ms (cache miss)
30 silly packumentCache full:https://registry.npmjs.org/@headlessui%2freact set size:undefined disposed:false
31 silly placeDep ROOT @headlessui/react@2.2.2 OK for: law7a@0.1.0 want: *
32 silly placeDep ROOT react-modal@3.16.3 OK for: law7a@0.1.0 want: *
33 silly fetch manifest @react-aria/focus@^3.17.1
34 silly packumentCache full:https://registry.npmjs.org/@react-aria%2ffocus cache-miss
35 silly fetch manifest @floating-ui/react@^0.26.16
36 silly packumentCache full:https://registry.npmjs.org/@floating-ui%2freact cache-miss
37 silly fetch manifest @tanstack/react-virtual@^3.13.6
38 silly packumentCache full:https://registry.npmjs.org/@tanstack%2freact-virtual cache-miss
39 silly fetch manifest use-sync-external-store@^1.5.0
40 silly packumentCache full:https://registry.npmjs.org/use-sync-external-store cache-miss
41 silly fetch manifest @react-aria/interactions@^3.21.3
42 silly packumentCache full:https://registry.npmjs.org/@react-aria%2finteractions cache-miss
43 silly fetch manifest exenv@^1.2.0
44 silly packumentCache full:https://registry.npmjs.org/exenv cache-miss
45 silly fetch manifest react-lifecycles-compat@^3.0.0
46 silly packumentCache full:https://registry.npmjs.org/react-lifecycles-compat cache-miss
47 silly fetch manifest warning@^4.0.3
48 silly packumentCache full:https://registry.npmjs.org/warning cache-miss
49 http fetch GET 200 https://registry.npmjs.org/exenv 171ms (cache miss)
50 silly packumentCache full:https://registry.npmjs.org/exenv set size:undefined disposed:false
51 http fetch GET 200 https://registry.npmjs.org/warning 172ms (cache miss)
52 silly packumentCache full:https://registry.npmjs.org/warning set size:undefined disposed:false
53 http fetch GET 200 https://registry.npmjs.org/react-lifecycles-compat 311ms (cache miss)
54 silly packumentCache full:https://registry.npmjs.org/react-lifecycles-compat set size:undefined disposed:false
55 http fetch GET 200 https://registry.npmjs.org/@floating-ui%2freact 330ms (cache miss)
56 silly packumentCache full:https://registry.npmjs.org/@floating-ui%2freact set size:undefined disposed:false
57 http fetch GET 200 https://registry.npmjs.org/@tanstack%2freact-virtual 348ms (cache miss)
58 silly packumentCache full:https://registry.npmjs.org/@tanstack%2freact-virtual set size:undefined disposed:false
59 http fetch GET 200 https://registry.npmjs.org/use-sync-external-store 525ms (cache miss)
60 silly packumentCache full:https://registry.npmjs.org/use-sync-external-store set size:undefined disposed:false
61 http fetch GET 200 https://registry.npmjs.org/@react-aria%2ffocus 667ms (cache miss)
62 silly packumentCache full:https://registry.npmjs.org/@react-aria%2ffocus set size:undefined disposed:false
63 http fetch GET 200 https://registry.npmjs.org/@react-aria%2finteractions 1594ms (cache miss)
64 silly packumentCache full:https://registry.npmjs.org/@react-aria%2finteractions set size:undefined disposed:false
65 silly fetch manifest react@^18 || ^19 || ^19.0.0-rc
66 silly packumentCache full:https://registry.npmjs.org/react cache-miss
67 http cache https://registry.npmjs.org/react 20ms (cache hit)
68 silly packumentCache full:https://registry.npmjs.org/react set size:5618025 disposed:false
69 silly fetch manifest react-dom@^18 || ^19 || ^19.0.0-rc
70 silly packumentCache full:https://registry.npmjs.org/react-dom cache-miss
71 http cache https://registry.npmjs.org/react-dom 25ms (cache hit)
72 silly packumentCache full:https://registry.npmjs.org/react-dom set size:7100576 disposed:false
73 silly placeDep ROOT @floating-ui/react@0.26.28 OK for: @headlessui/react@2.2.2 want: ^0.26.16
74 silly placeDep ROOT @react-aria/focus@3.20.2 OK for: @headlessui/react@2.2.2 want: ^3.17.1
75 silly placeDep ROOT @react-aria/interactions@3.25.0 OK for: @headlessui/react@2.2.2 want: ^3.21.3
76 silly placeDep ROOT @tanstack/react-virtual@3.13.6 OK for: @headlessui/react@2.2.2 want: ^3.13.6
77 silly placeDep ROOT use-sync-external-store@1.5.0 OK for: @headlessui/react@2.2.2 want: ^1.5.0
78 silly fetch manifest tabbable@^6.0.0
79 silly packumentCache full:https://registry.npmjs.org/tabbable cache-miss
80 silly fetch manifest @floating-ui/utils@^0.2.8
81 silly packumentCache full:https://registry.npmjs.org/@floating-ui%2futils cache-miss
82 silly fetch manifest @floating-ui/react-dom@^2.1.2
83 silly packumentCache full:https://registry.npmjs.org/@floating-ui%2freact-dom cache-miss
84 silly fetch manifest @swc/helpers@^0.5.0
85 silly packumentCache full:https://registry.npmjs.org/@swc%2fhelpers cache-miss
86 silly fetch manifest @react-aria/utils@^3.28.2
87 silly packumentCache full:https://registry.npmjs.org/@react-aria%2futils cache-miss
88 silly fetch manifest @react-types/shared@^3.29.0
89 silly packumentCache full:https://registry.npmjs.org/@react-types%2fshared cache-miss
90 silly fetch manifest @react-aria/interactions@^3.25.0
91 silly packumentCache full:https://registry.npmjs.org/@react-aria%2finteractions cache-miss
92 silly fetch manifest @swc/helpers@^0.5.0
93 silly packumentCache full:https://registry.npmjs.org/@swc%2fhelpers cache-miss
94 silly fetch manifest @react-aria/ssr@^3.9.8
95 silly packumentCache full:https://registry.npmjs.org/@react-aria%2fssr cache-miss
96 silly fetch manifest @react-aria/utils@^3.28.2
97 silly packumentCache full:https://registry.npmjs.org/@react-aria%2futils cache-miss
98 silly fetch manifest @react-types/shared@^3.29.0
99 silly packumentCache full:https://registry.npmjs.org/@react-types%2fshared cache-miss
100 http cache https://registry.npmjs.org/@react-aria%2finteractions 31ms (cache hit)
101 silly packumentCache full:https://registry.npmjs.org/@react-aria%2finteractions set size:2290799 disposed:false
102 silly fetch manifest @react-stately/flags@^3.1.1
103 silly packumentCache full:https://registry.npmjs.org/@react-stately%2fflags cache-miss
104 http fetch GET 200 https://registry.npmjs.org/tabbable 127ms (cache miss)
105 silly packumentCache full:https://registry.npmjs.org/tabbable set size:undefined disposed:false
106 silly fetch manifest @tanstack/virtual-core@3.13.6
107 silly packumentCache full:https://registry.npmjs.org/@tanstack%2fvirtual-core cache-miss
108 http fetch GET 200 https://registry.npmjs.org/@swc%2fhelpers 142ms (cache miss)
109 silly packumentCache full:https://registry.npmjs.org/@swc%2fhelpers set size:undefined disposed:false
110 http fetch GET 200 https://registry.npmjs.org/@swc%2fhelpers 162ms (cache miss)
111 silly packumentCache full:https://registry.npmjs.org/@swc%2fhelpers set size:undefined disposed:false
112 http fetch GET 200 https://registry.npmjs.org/@floating-ui%2freact-dom 169ms (cache miss)
113 silly packumentCache full:https://registry.npmjs.org/@floating-ui%2freact-dom set size:undefined disposed:false
114 http fetch GET 200 https://registry.npmjs.org/@react-types%2fshared 178ms (cache miss)
115 silly packumentCache full:https://registry.npmjs.org/@react-types%2fshared set size:undefined disposed:false
116 http fetch GET 200 https://registry.npmjs.org/@react-aria%2fssr 338ms (cache miss)
117 silly packumentCache full:https://registry.npmjs.org/@react-aria%2fssr set size:undefined disposed:false
118 http fetch GET 200 https://registry.npmjs.org/@floating-ui%2futils 384ms (cache miss)
119 silly packumentCache full:https://registry.npmjs.org/@floating-ui%2futils set size:undefined disposed:false
120 http fetch GET 200 https://registry.npmjs.org/@react-aria%2futils 414ms (cache miss)
121 silly packumentCache full:https://registry.npmjs.org/@react-aria%2futils set size:undefined disposed:false
122 http fetch GET 200 https://registry.npmjs.org/@react-aria%2futils 437ms (cache miss)
123 silly packumentCache full:https://registry.npmjs.org/@react-aria%2futils set size:undefined disposed:false
124 http fetch GET 200 https://registry.npmjs.org/@tanstack%2fvirtual-core 327ms (cache miss)
125 silly packumentCache full:https://registry.npmjs.org/@tanstack%2fvirtual-core set size:undefined disposed:false
126 http fetch GET 200 https://registry.npmjs.org/@react-stately%2fflags 434ms (cache miss)
127 silly packumentCache full:https://registry.npmjs.org/@react-stately%2fflags set size:undefined disposed:false
128 http fetch GET 200 https://registry.npmjs.org/@react-types%2fshared 483ms (cache miss)
129 silly packumentCache full:https://registry.npmjs.org/@react-types%2fshared set size:undefined disposed:false
130 silly fetch manifest react@>=16.8.0
131 silly packumentCache full:https://registry.npmjs.org/react cache-miss
132 http cache https://registry.npmjs.org/react 15ms (cache hit)
133 silly packumentCache full:https://registry.npmjs.org/react set size:5618025 disposed:false
134 silly fetch manifest react-dom@>=16.8.0
135 silly packumentCache full:https://registry.npmjs.org/react-dom cache-miss
136 http cache https://registry.npmjs.org/react-dom 19ms (cache hit)
137 silly packumentCache full:https://registry.npmjs.org/react-dom set size:7100576 disposed:false
138 silly placeDep ROOT @floating-ui/react-dom@2.1.2 OK for: @floating-ui/react@0.26.28 want: ^2.1.2
139 silly placeDep ROOT @floating-ui/utils@0.2.9 OK for: @floating-ui/react@0.26.28 want: ^0.2.8
140 silly placeDep ROOT tabbable@6.2.0 OK for: @floating-ui/react@0.26.28 want: ^6.0.0
141 silly fetch manifest @floating-ui/dom@^1.0.0
142 silly packumentCache full:https://registry.npmjs.org/@floating-ui%2fdom cache-miss
143 http fetch GET 200 https://registry.npmjs.org/@floating-ui%2fdom 109ms (cache miss)
144 silly packumentCache full:https://registry.npmjs.org/@floating-ui%2fdom set size:undefined disposed:false
145 silly placeDep ROOT @floating-ui/dom@1.6.13 OK for: @floating-ui/react-dom@2.1.2 want: ^1.0.0
146 silly fetch manifest @floating-ui/core@^1.6.0
147 silly packumentCache full:https://registry.npmjs.org/@floating-ui%2fcore cache-miss
148 http fetch GET 200 https://registry.npmjs.org/@floating-ui%2fcore 132ms (cache miss)
149 silly packumentCache full:https://registry.npmjs.org/@floating-ui%2fcore set size:undefined disposed:false
150 silly placeDep ROOT @floating-ui/core@1.6.9 OK for: @floating-ui/dom@1.6.13 want: ^1.6.0
151 silly fetch manifest react@^16.8.0 || ^17.0.0-rc.1 || ^18.0.0 || ^19.0.0-rc.1
152 silly packumentCache full:https://registry.npmjs.org/react cache-miss
153 http cache https://registry.npmjs.org/react 13ms (cache hit)
154 silly packumentCache full:https://registry.npmjs.org/react set size:5618025 disposed:false
155 silly fetch manifest react-dom@^16.8.0 || ^17.0.0-rc.1 || ^18.0.0 || ^19.0.0-rc.1
156 silly packumentCache full:https://registry.npmjs.org/react-dom cache-miss
157 http cache https://registry.npmjs.org/react-dom 19ms (cache hit)
158 silly packumentCache full:https://registry.npmjs.org/react-dom set size:7100576 disposed:false
159 silly placeDep ROOT @react-aria/utils@3.28.2 OK for: @react-aria/focus@3.20.2 want: ^3.28.2
160 silly placeDep ROOT @react-types/shared@3.29.0 OK for: @react-aria/focus@3.20.2 want: ^3.29.0
161 silly placeDep ROOT @swc/helpers@0.5.17 OK for: @react-aria/focus@3.20.2 want: ^0.5.0
162 silly fetch manifest @react-stately/utils@^3.10.6
163 silly packumentCache full:https://registry.npmjs.org/@react-stately%2futils cache-miss
164 http fetch GET 200 https://registry.npmjs.org/@react-stately%2futils 774ms (cache miss)
165 silly packumentCache full:https://registry.npmjs.org/@react-stately%2futils set size:undefined disposed:false
166 silly placeDep ROOT @react-aria/ssr@3.9.8 OK for: @react-aria/interactions@3.25.0 want: ^3.9.8
167 silly placeDep ROOT @react-stately/flags@3.1.1 OK for: @react-aria/interactions@3.25.0 want: ^3.1.1
168 silly placeDep ROOT @react-stately/utils@3.10.6 OK for: @react-aria/utils@3.28.2 want: ^3.10.6
169 silly placeDep ROOT @tanstack/virtual-core@3.13.6 OK for: @tanstack/react-virtual@3.13.6 want: 3.13.6
170 silly placeDep ROOT exenv@1.2.2 OK for: react-modal@3.16.3 want: ^1.2.0
171 silly placeDep ROOT react-lifecycles-compat@3.0.4 OK for: react-modal@3.16.3 want: ^3.0.0
172 silly placeDep ROOT warning@4.0.3 OK for: react-modal@3.16.3 want: ^4.0.3
173 silly reify moves {}
174 silly audit bulk request {
174 silly audit   '@adobe/css-tools': [ '4.4.2' ],
174 silly audit   '@alloc/quick-lru': [ '5.2.0' ],
174 silly audit   '@ampproject/remapping': [ '2.3.0' ],
174 silly audit   '@babel/code-frame': [ '7.26.2' ],
174 silly audit   '@babel/compat-data': [ '7.26.8' ],
174 silly audit   '@babel/core': [ '7.26.10' ],
174 silly audit   semver: [ '6.3.1', '7.7.1' ],
174 silly audit   '@babel/eslint-parser': [ '7.27.0' ],
174 silly audit   'eslint-visitor-keys': [ '2.1.0', '3.4.3' ],
174 silly audit   '@babel/generator': [ '7.27.0' ],
174 silly audit   '@babel/helper-annotate-as-pure': [ '7.25.9' ],
174 silly audit   '@babel/helper-compilation-targets': [ '7.27.0' ],
174 silly audit   '@babel/helper-create-class-features-plugin': [ '7.27.0' ],
174 silly audit   '@babel/helper-create-regexp-features-plugin': [ '7.27.0' ],
174 silly audit   '@babel/helper-define-polyfill-provider': [ '0.6.4' ],
174 silly audit   '@babel/helper-member-expression-to-functions': [ '7.25.9' ],
174 silly audit   '@babel/helper-module-imports': [ '7.25.9' ],
174 silly audit   '@babel/helper-module-transforms': [ '7.26.0' ],
174 silly audit   '@babel/helper-optimise-call-expression': [ '7.25.9' ],
174 silly audit   '@babel/helper-plugin-utils': [ '7.26.5' ],
174 silly audit   '@babel/helper-remap-async-to-generator': [ '7.25.9' ],
174 silly audit   '@babel/helper-replace-supers': [ '7.26.5' ],
174 silly audit   '@babel/helper-skip-transparent-expression-wrappers': [ '7.25.9' ],
174 silly audit   '@babel/helper-string-parser': [ '7.25.9' ],
174 silly audit   '@babel/helper-validator-identifier': [ '7.25.9' ],
174 silly audit   '@babel/helper-validator-option': [ '7.25.9' ],
174 silly audit   '@babel/helper-wrap-function': [ '7.25.9' ],
174 silly audit   '@babel/helpers': [ '7.27.0' ],
174 silly audit   '@babel/parser': [ '7.27.0' ],
174 silly audit   '@babel/plugin-bugfix-firefox-class-in-computed-class-key': [ '7.25.9' ],
174 silly audit   '@babel/plugin-bugfix-safari-class-field-initializer-scope': [ '7.25.9' ],
174 silly audit   '@babel/plugin-bugfix-safari-id-destructuring-collision-in-function-expression': [ '7.25.9' ],
174 silly audit   '@babel/plugin-bugfix-v8-spread-parameters-in-optional-chaining': [ '7.25.9' ],
174 silly audit   '@babel/plugin-bugfix-v8-static-class-fields-redefine-readonly': [ '7.25.9' ],
174 silly audit   '@babel/plugin-proposal-class-properties': [ '7.18.6' ],
174 silly audit   '@babel/plugin-proposal-decorators': [ '7.25.9' ],
174 silly audit   '@babel/plugin-proposal-nullish-coalescing-operator': [ '7.18.6' ],
174 silly audit   '@babel/plugin-proposal-numeric-separator': [ '7.18.6' ],
174 silly audit   '@babel/plugin-proposal-optional-chaining': [ '7.21.0' ],
174 silly audit   '@babel/plugin-proposal-private-methods': [ '7.18.6' ],
174 silly audit   '@babel/plugin-proposal-private-property-in-object': [ '7.21.0-placeholder-for-preset-env.2', '7.21.11' ],
174 silly audit   '@babel/plugin-syntax-async-generators': [ '7.8.4' ],
174 silly audit   '@babel/plugin-syntax-bigint': [ '7.8.3' ],
174 silly audit   '@babel/plugin-syntax-class-properties': [ '7.12.13' ],
174 silly audit   '@babel/plugin-syntax-class-static-block': [ '7.14.5' ],
174 silly audit   '@babel/plugin-syntax-decorators': [ '7.25.9' ],
174 silly audit   '@babel/plugin-syntax-flow': [ '7.26.0' ],
174 silly audit   '@babel/plugin-syntax-import-assertions': [ '7.26.0' ],
174 silly audit   '@babel/plugin-syntax-import-attributes': [ '7.26.0' ],
174 silly audit   '@babel/plugin-syntax-import-meta': [ '7.10.4' ],
174 silly audit   '@babel/plugin-syntax-json-strings': [ '7.8.3' ],
174 silly audit   '@babel/plugin-syntax-jsx': [ '7.25.9' ],
174 silly audit   '@babel/plugin-syntax-logical-assignment-operators': [ '7.10.4' ],
174 silly audit   '@babel/plugin-syntax-nullish-coalescing-operator': [ '7.8.3' ],
174 silly audit   '@babel/plugin-syntax-numeric-separator': [ '7.10.4' ],
174 silly audit   '@babel/plugin-syntax-object-rest-spread': [ '7.8.3' ],
174 silly audit   '@babel/plugin-syntax-optional-catch-binding': [ '7.8.3' ],
174 silly audit   '@babel/plugin-syntax-optional-chaining': [ '7.8.3' ],
174 silly audit   '@babel/plugin-syntax-private-property-in-object': [ '7.14.5' ],
174 silly audit   '@babel/plugin-syntax-top-level-await': [ '7.14.5' ],
174 silly audit   '@babel/plugin-syntax-typescript': [ '7.25.9' ],
174 silly audit   '@babel/plugin-syntax-unicode-sets-regex': [ '7.18.6' ],
174 silly audit   '@babel/plugin-transform-arrow-functions': [ '7.25.9' ],
174 silly audit   '@babel/plugin-transform-async-generator-functions': [ '7.26.8' ],
174 silly audit   '@babel/plugin-transform-async-to-generator': [ '7.25.9' ],
174 silly audit   '@babel/plugin-transform-block-scoped-functions': [ '7.26.5' ],
174 silly audit   '@babel/plugin-transform-block-scoping': [ '7.27.0' ],
174 silly audit   '@babel/plugin-transform-class-properties': [ '7.25.9' ],
174 silly audit   '@babel/plugin-transform-class-static-block': [ '7.26.0' ],
174 silly audit   '@babel/plugin-transform-classes': [ '7.25.9' ],
174 silly audit   '@babel/plugin-transform-computed-properties': [ '7.25.9' ],
174 silly audit   '@babel/plugin-transform-destructuring': [ '7.25.9' ],
174 silly audit   '@babel/plugin-transform-dotall-regex': [ '7.25.9' ],
174 silly audit   '@babel/plugin-transform-duplicate-keys': [ '7.25.9' ],
174 silly audit   '@babel/plugin-transform-duplicate-named-capturing-groups-regex': [ '7.25.9' ],
174 silly audit   '@babel/plugin-transform-dynamic-import': [ '7.25.9' ],
174 silly audit   '@babel/plugin-transform-exponentiation-operator': [ '7.26.3' ],
174 silly audit   '@babel/plugin-transform-export-namespace-from': [ '7.25.9' ],
174 silly audit   '@babel/plugin-transform-flow-strip-types': [ '7.26.5' ],
174 silly audit   '@babel/plugin-transform-for-of': [ '7.26.9' ],
174 silly audit   '@babel/plugin-transform-function-name': [ '7.25.9' ],
174 silly audit   '@babel/plugin-transform-json-strings': [ '7.25.9' ],
174 silly audit   '@babel/plugin-transform-literals': [ '7.25.9' ],
174 silly audit   '@babel/plugin-transform-logical-assignment-operators': [ '7.25.9' ],
174 silly audit   '@babel/plugin-transform-member-expression-literals': [ '7.25.9' ],
174 silly audit   '@babel/plugin-transform-modules-amd': [ '7.25.9' ],
174 silly audit   '@babel/plugin-transform-modules-commonjs': [ '7.26.3' ],
174 silly audit   '@babel/plugin-transform-modules-systemjs': [ '7.25.9' ],
174 silly audit   '@babel/plugin-transform-modules-umd': [ '7.25.9' ],
174 silly audit   '@babel/plugin-transform-named-capturing-groups-regex': [ '7.25.9' ],
174 silly audit   '@babel/plugin-transform-new-target': [ '7.25.9' ],
174 silly audit   '@babel/plugin-transform-nullish-coalescing-operator': [ '7.26.6' ],
174 silly audit   '@babel/plugin-transform-numeric-separator': [ '7.25.9' ],
174 silly audit   '@babel/plugin-transform-object-rest-spread': [ '7.25.9' ],
174 silly audit   '@babel/plugin-transform-object-super': [ '7.25.9' ],
174 silly audit   '@babel/plugin-transform-optional-catch-binding': [ '7.25.9' ],
174 silly audit   '@babel/plugin-transform-optional-chaining': [ '7.25.9' ],
174 silly audit   '@babel/plugin-transform-parameters': [ '7.25.9' ],
174 silly audit   '@babel/plugin-transform-private-methods': [ '7.25.9' ],
174 silly audit   '@babel/plugin-transform-private-property-in-object': [ '7.25.9' ],
174 silly audit   '@babel/plugin-transform-property-literals': [ '7.25.9' ],
174 silly audit   '@babel/plugin-transform-react-constant-elements': [ '7.25.9' ],
174 silly audit   '@babel/plugin-transform-react-display-name': [ '7.25.9' ],
174 silly audit   '@babel/plugin-transform-react-jsx': [ '7.25.9' ],
174 silly audit   '@babel/plugin-transform-react-jsx-development': [ '7.25.9' ],
174 silly audit   '@babel/plugin-transform-react-pure-annotations': [ '7.25.9' ],
174 silly audit   '@babel/plugin-transform-regenerator': [ '7.27.0' ],
174 silly audit   '@babel/plugin-transform-regexp-modifiers': [ '7.26.0' ],
174 silly audit   '@babel/plugin-transform-reserved-words': [ '7.25.9' ],
174 silly audit   '@babel/plugin-transform-runtime': [ '7.26.10' ],
174 silly audit   '@babel/plugin-transform-shorthand-properties': [ '7.25.9' ],
174 silly audit   '@babel/plugin-transform-spread': [ '7.25.9' ],
174 silly audit   '@babel/plugin-transform-sticky-regex': [ '7.25.9' ],
174 silly audit   '@babel/plugin-transform-template-literals': [ '7.26.8' ],
174 silly audit   '@babel/plugin-transform-typeof-symbol': [ '7.27.0' ],
174 silly audit   '@babel/plugin-transform-typescript': [ '7.27.0' ],
174 silly audit   '@babel/plugin-transform-unicode-escapes': [ '7.25.9' ],
174 silly audit   '@babel/plugin-transform-unicode-property-regex': [ '7.25.9' ],
174 silly audit   '@babel/plugin-transform-unicode-regex': [ '7.25.9' ],
174 silly audit   '@babel/plugin-transform-unicode-sets-regex': [ '7.25.9' ],
174 silly audit   '@babel/preset-env': [ '7.26.9' ],
174 silly audit   '@babel/preset-modules': [ '0.1.6-no-external-plugins' ],
174 silly audit   '@babel/preset-react': [ '7.26.3' ],
174 silly audit   '@babel/preset-typescript': [ '7.27.0' ],
174 silly audit   '@babel/runtime': [ '7.27.0' ],
174 silly audit   '@babel/template': [ '7.27.0' ],
174 silly audit   '@babel/traverse': [ '7.27.0' ],
174 silly audit   '@babel/types': [ '7.27.0' ],
174 silly audit   '@bcoe/v8-coverage': [ '0.2.3' ],
174 silly audit   '@csstools/normalize.css': [ '12.1.1' ],
174 silly audit   '@csstools/postcss-cascade-layers': [ '1.1.1' ],
174 silly audit   '@csstools/postcss-color-function': [ '1.1.1' ],
174 silly audit   '@csstools/postcss-font-format-keywords': [ '1.0.1' ],
174 silly audit   '@csstools/postcss-hwb-function': [ '1.0.2' ],
174 silly audit   '@csstools/postcss-ic-unit': [ '1.0.1' ],
174 silly audit   '@csstools/postcss-is-pseudo-class': [ '2.0.7' ],
174 silly audit   '@csstools/postcss-nested-calc': [ '1.0.0' ],
174 silly audit   '@csstools/postcss-normalize-display-values': [ '1.0.1' ],
174 silly audit   '@csstools/postcss-oklab-function': [ '1.1.1' ],
174 silly audit   '@csstools/postcss-progressive-custom-properties': [ '1.3.0' ],
174 silly audit   '@csstools/postcss-stepped-value-functions': [ '1.0.1' ],
174 silly audit   '@csstools/postcss-text-decoration-shorthand': [ '1.0.0' ],
174 silly audit   '@csstools/postcss-trigonometric-functions': [ '1.0.2' ],
174 silly audit   '@csstools/postcss-unset-value': [ '1.0.2' ],
174 silly audit   '@csstools/selector-specificity': [ '2.2.0' ],
174 silly audit   '@effect/platform': [ '0.72.0' ],
174 silly audit   '@eslint-community/eslint-utils': [ '4.6.1' ],
174 silly audit   '@eslint-community/regexpp': [ '4.12.1' ],
174 silly audit   '@eslint/eslintrc': [ '2.1.4' ],
174 silly audit   argparse: [ '2.0.1', '1.0.10' ],
174 silly audit   globals: [ '13.24.0', '11.12.0' ],
174 silly audit   'js-yaml': [ '4.1.0', '3.14.1' ],
174 silly audit   'type-fest': [ '0.20.2', '0.16.0', '0.21.3' ],
174 silly audit   '@eslint/js': [ '8.57.1' ],
174 silly audit   '@firebase/analytics': [ '0.10.12' ],
174 silly audit   '@firebase/analytics-compat': [ '0.2.18' ],
174 silly audit   '@firebase/analytics-types': [ '0.8.3' ],
174 silly audit   '@firebase/app': [ '0.11.4' ],
174 silly audit   '@firebase/app-check': [ '0.8.13' ],
174 silly audit   '@firebase/app-check-compat': [ '0.3.20' ],
174 silly audit   '@firebase/app-check-interop-types': [ '0.3.3' ],
174 silly audit   '@firebase/app-check-types': [ '0.5.3' ],
174 silly audit   '@firebase/app-compat': [ '0.2.53' ],
174 silly audit   '@firebase/app-types': [ '0.9.3' ],
174 silly audit   '@firebase/auth': [ '1.10.0' ],
174 silly audit   '@firebase/auth-compat': [ '0.5.20' ],
174 silly audit   '@firebase/auth-interop-types': [ '0.2.4' ],
174 silly audit   '@firebase/auth-types': [ '0.13.0' ],
174 silly audit   '@firebase/component': [ '0.6.13' ],
174 silly audit   '@firebase/data-connect': [ '0.3.3' ],
174 silly audit   '@firebase/database': [ '1.0.14' ],
174 silly audit   '@firebase/database-compat': [ '2.0.5' ],
174 silly audit   '@firebase/database-types': [ '1.0.10' ],
174 silly audit   '@firebase/firestore': [ '4.7.10' ],
174 silly audit   '@firebase/firestore-compat': [ '0.3.45' ],
174 silly audit   '@firebase/firestore-types': [ '3.0.3' ],
174 silly audit   '@firebase/functions': [ '0.12.3' ],
174 silly audit   '@firebase/functions-compat': [ '0.3.20' ],
174 silly audit   '@firebase/functions-types': [ '0.6.3' ],
174 silly audit   '@firebase/installations': [ '0.6.13' ],
174 silly audit   '@firebase/installations-compat': [ '0.2.13' ],
174 silly audit   '@firebase/installations-types': [ '0.5.3' ],
174 silly audit   '@firebase/logger': [ '0.4.4' ],
174 silly audit   '@firebase/messaging': [ '0.12.17' ],
174 silly audit   '@firebase/messaging-compat': [ '0.2.17' ],
174 silly audit   '@firebase/messaging-interop-types': [ '0.2.3' ],
174 silly audit   '@firebase/performance': [ '0.7.2' ],
174 silly audit   '@firebase/performance-compat': [ '0.2.15' ],
174 silly audit   '@firebase/performance-types': [ '0.2.3' ],
174 silly audit   'web-vitals': [ '4.2.4', '2.1.4' ],
174 silly audit   '@firebase/remote-config': [ '0.6.0' ],
174 silly audit   '@firebase/remote-config-compat': [ '0.2.13' ],
174 silly audit   '@firebase/remote-config-types': [ '0.4.0' ],
174 silly audit   '@firebase/storage': [ '0.13.7' ],
174 silly audit   '@firebase/storage-compat': [ '0.3.17' ],
174 silly audit   '@firebase/storage-types': [ '0.8.3' ],
174 silly audit   '@firebase/util': [ '1.11.0' ],
174 silly audit   '@firebase/vertexai': [ '1.2.1' ],
174 silly audit   '@firebase/webchannel-wrapper': [ '1.0.3' ],
174 silly audit   '@grpc/grpc-js': [ '1.9.15' ],
174 silly audit   '@grpc/proto-loader': [ '0.7.14' ],
174 silly audit   cliui: [ '8.0.1', '7.0.4' ],
174 silly audit   yargs: [ '17.7.2', '16.2.0' ],
174 silly audit   'yargs-parser': [ '21.1.1', '20.2.9' ],
174 silly audit   '@humanwhocodes/config-array': [ '0.13.0' ],
174 silly audit   '@humanwhocodes/module-importer': [ '1.0.1' ],
174 silly audit   '@humanwhocodes/object-schema': [ '2.0.3' ],
174 silly audit   '@isaacs/cliui': [ '8.0.2' ],
174 silly audit   'ansi-regex': [ '6.1.0', '5.0.1' ],
174 silly audit   'ansi-styles': [ '6.2.1', '4.3.0', '3.2.1', '5.2.0' ],
174 silly audit   'string-width': [ '5.1.2', '4.2.3' ],
174 silly audit   'strip-ansi': [ '7.1.0', '6.0.1' ],
174 silly audit   'wrap-ansi': [ '8.1.0', '7.0.0' ],
174 silly audit   '@istanbuljs/load-nyc-config': [ '1.1.0' ],
174 silly audit   camelcase: [ '5.3.1', '6.3.0' ],
174 silly audit   '@istanbuljs/schema': [ '0.1.3' ],
174 silly audit   '@jest/console': [ '27.5.1', '28.1.3' ],
174 silly audit   '@jest/core': [ '27.5.1' ],
174 silly audit   '@jest/environment': [ '27.5.1' ],
174 silly audit   '@jest/fake-timers': [ '27.5.1' ],
174 silly audit   '@jest/globals': [ '27.5.1' ],
174 silly audit   '@jest/reporters': [ '27.5.1' ],
174 silly audit   'source-map': [ '0.6.1', '0.7.4', '0.8.0-beta.0' ],
174 silly audit   '@jest/schemas': [ '28.1.3' ],
174 silly audit   '@jest/source-map': [ '27.5.1' ],
174 silly audit   '@jest/test-result': [ '27.5.1', '28.1.3' ],
174 silly audit   '@jest/test-sequencer': [ '27.5.1' ],
174 silly audit   '@jest/transform': [ '27.5.1' ],
174 silly audit   'convert-source-map': [ '1.9.0', '2.0.0' ],
174 silly audit   '@jest/types': [ '27.5.1', '28.1.3' ],
174 silly audit   '@jridgewell/gen-mapping': [ '0.3.8' ],
174 silly audit   '@jridgewell/resolve-uri': [ '3.1.2' ],
174 silly audit   '@jridgewell/set-array': [ '1.2.1' ],
174 silly audit   '@jridgewell/source-map': [ '0.3.6' ],
174 silly audit   '@jridgewell/sourcemap-codec': [ '1.5.0' ],
174 silly audit   '@jridgewell/trace-mapping': [ '0.3.25' ],
174 silly audit   '@leichtgewicht/ip-codec': [ '2.0.5' ],
174 silly audit   '@nicolo-ribaudo/eslint-scope-5-internals': [ '5.1.1-v1' ],
174 silly audit   'eslint-scope': [ '5.1.1', '7.2.2' ],
174 silly audit   estraverse: [ '4.3.0', '5.3.0' ],
174 silly audit   '@nodelib/fs.scandir': [ '2.1.5' ],
174 silly audit   '@nodelib/fs.stat': [ '2.0.5' ],
174 silly audit   '@nodelib/fs.walk': [ '1.2.8' ],
174 silly audit   '@pkgjs/parseargs': [ '0.11.0' ],
174 silly audit   '@pmmmwh/react-refresh-webpack-plugin': [ '0.5.16' ],
174 silly audit   '@protobufjs/aspromise': [ '1.1.2' ],
174 silly audit   '@protobufjs/base64': [ '1.1.2' ],
174 silly audit   '@protobufjs/codegen': [ '2.0.4' ],
174 silly audit   '@protobufjs/eventemitter': [ '1.1.0' ],
174 silly audit   '@protobufjs/fetch': [ '1.1.0' ],
174 silly audit   '@protobufjs/float': [ '1.0.2' ],
174 silly audit   '@protobufjs/inquire': [ '1.1.0' ],
174 silly audit   '@protobufjs/path': [ '1.1.2' ],
174 silly audit   '@protobufjs/pool': [ '1.1.0' ],
174 silly audit   '@protobufjs/utf8': [ '1.1.0' ],
174 silly audit   '@rollup/plugin-babel': [ '5.3.1' ],
174 silly audit   '@rollup/plugin-node-resolve': [ '11.2.1' ],
174 silly audit   '@rollup/plugin-replace': [ '2.4.2' ],
174 silly audit   '@rollup/pluginutils': [ '3.1.0' ],
174 silly audit   '@types/estree': [ '0.0.39', '1.0.7' ],
174 silly audit   '@rtsao/scc': [ '1.1.0' ],
174 silly audit   '@rushstack/eslint-patch': [ '1.11.0' ],
174 silly audit   '@sinclair/typebox': [ '0.24.51' ],
174 silly audit   '@sinonjs/commons': [ '1.8.6' ],
174 silly audit   '@sinonjs/fake-timers': [ '8.1.0' ],
174 silly audit   '@standard-schema/spec': [ '1.0.0-beta.4' ],
174 silly audit   '@surma/rollup-plugin-off-main-thread': [ '2.2.3' ],
174 silly audit   '@svgr/babel-plugin-add-jsx-attribute': [ '5.4.0' ],
174 silly audit   '@svgr/babel-plugin-remove-jsx-attribute': [ '5.4.0' ],
174 silly audit   '@svgr/babel-plugin-remove-jsx-empty-expression': [ '5.0.1' ],
174 silly audit   '@svgr/babel-plugin-replace-jsx-attribute-value': [ '5.0.1' ],
174 silly audit   '@svgr/babel-plugin-svg-dynamic-title': [ '5.4.0' ],
174 silly audit   '@svgr/babel-plugin-svg-em-dimensions': [ '5.4.0' ],
174 silly audit   '@svgr/babel-plugin-transform-react-native-svg': [ '5.4.0' ],
174 silly audit   '@svgr/babel-plugin-transform-svg-component': [ '5.5.0' ],
174 silly audit   '@svgr/babel-preset': [ '5.5.0' ],
174 silly audit   '@svgr/core': [ '5.5.0' ],
174 silly audit   '@svgr/hast-util-to-babel-ast': [ '5.5.0' ],
174 silly audit   '@svgr/plugin-jsx': [ '5.5.0' ],
174 silly audit   '@svgr/plugin-svgo': [ '5.5.0' ],
174 silly audit   '@svgr/webpack': [ '5.5.0' ],
174 silly audit   '@testing-library/dom': [ '10.4.0' ],
174 silly audit   'aria-query': [ '5.3.0', '5.3.2' ],
174 silly audit   '@testing-library/jest-dom': [ '6.6.3' ],
174 silly audit   chalk: [ '3.0.0', '4.1.2', '2.4.2' ],
174 silly audit   'dom-accessibility-api': [ '0.6.3', '0.5.16' ],
174 silly audit   '@testing-library/react': [ '16.3.0' ],
174 silly audit   '@testing-library/user-event': [ '13.5.0' ],
174 silly audit   '@tootallnate/once': [ '1.1.2' ],
174 silly audit   '@trysound/sax': [ '0.2.0' ],
174 silly audit   '@types/aria-query': [ '5.0.4' ],
174 silly audit   '@types/babel__core': [ '7.20.5' ],
174 silly audit   '@types/babel__generator': [ '7.27.0' ],
174 silly audit   '@types/babel__template': [ '7.4.4' ],
174 silly audit   '@types/babel__traverse': [ '7.20.7' ],
174 silly audit   '@types/body-parser': [ '1.19.5' ],
174 silly audit   '@types/bonjour': [ '3.5.13' ],
174 silly audit   '@types/connect': [ '3.4.38' ],
174 silly audit   '@types/connect-history-api-fallback': [ '1.5.4' ],
174 silly audit   '@types/eslint': [ '8.56.12' ],
174 silly audit   '@types/eslint-scope': [ '3.7.7' ],
174 silly audit   '@types/express': [ '4.17.21' ],
174 silly audit   '@types/express-serve-static-core': [ '5.0.6', '4.19.6' ],
174 silly audit   '@types/graceful-fs': [ '4.1.9' ],
174 silly audit   '@types/history': [ '4.7.11' ],
174 silly audit   '@types/html-minifier-terser': [ '6.1.0' ],
174 silly audit   '@types/http-errors': [ '2.0.4' ],
174 silly audit   '@types/http-proxy': [ '1.17.16' ],
174 silly audit   '@types/istanbul-lib-coverage': [ '2.0.6' ],
174 silly audit   '@types/istanbul-lib-report': [ '3.0.3' ],
174 silly audit   '@types/istanbul-reports': [ '3.0.4' ],
174 silly audit   '@types/jest': [ '27.5.2' ],
174 silly audit   '@types/json-schema': [ '7.0.15' ],
174 silly audit   '@types/json5': [ '0.0.29' ],
174 silly audit   '@types/mime': [ '1.3.5' ],
174 silly audit   '@types/node': [ '16.18.126' ],
174 silly audit   '@types/node-forge': [ '1.3.11' ],
174 silly audit   '@types/parse-json': [ '4.0.2' ],
174 silly audit   '@types/prettier': [ '2.7.3' ],
174 silly audit   '@types/q': [ '1.5.8' ],
174 silly audit   '@types/qs': [ '6.9.18' ],
174 silly audit   '@types/range-parser': [ '1.2.7' ],
174 silly audit   '@types/react': [ '19.1.2' ],
174 silly audit   '@types/react-dom': [ '19.1.2' ],
174 silly audit   '@types/react-router': [ '5.1.20' ],
174 silly audit   '@types/react-router-dom': [ '5.3.3' ],
174 silly audit   '@types/resolve': [ '1.17.1' ],
174 silly audit   '@types/retry': [ '0.12.0' ],
174 silly audit   '@types/semver': [ '7.7.0' ],
174 silly audit   '@types/send': [ '0.17.4' ],
174 silly audit   '@types/serve-index': [ '1.9.4' ],
174 silly audit   '@types/serve-static': [ '1.15.7' ],
174 silly audit   '@types/sockjs': [ '0.3.36' ],
174 silly audit   '@types/stack-utils': [ '2.0.3' ],
174 silly audit   '@types/trusted-types': [ '2.0.7' ],
174 silly audit   '@types/ws': [ '8.18.1' ],
174 silly audit   '@types/yargs': [ '16.0.9', '17.0.33' ],
174 silly audit   '@types/yargs-parser': [ '21.0.3' ],
174 silly audit   '@typescript-eslint/eslint-plugin': [ '5.62.0' ],
174 silly audit   '@typescript-eslint/experimental-utils': [ '5.62.0' ],
174 silly audit   '@typescript-eslint/parser': [ '5.62.0' ],
174 silly audit   '@typescript-eslint/scope-manager': [ '5.62.0' ],
174 silly audit   '@typescript-eslint/type-utils': [ '5.62.0' ],
174 silly audit   '@typescript-eslint/types': [ '5.62.0' ],
174 silly audit   '@typescript-eslint/typescript-estree': [ '5.62.0' ],
174 silly audit   '@typescript-eslint/utils': [ '5.62.0' ],
174 silly audit   '@typescript-eslint/visitor-keys': [ '5.62.0' ],
174 silly audit   '@ungap/structured-clone': [ '1.3.0' ],
174 silly audit   '@uploadthing/mime-types': [ '0.3.4' ],
174 silly audit   '@uploadthing/react': [ '7.3.0' ],
174 silly audit   'file-selector': [ '0.6.0', '2.1.2' ],
174 silly audit   '@uploadthing/shared': [ '7.1.7' ],
174 silly audit   '@webassemblyjs/ast': [ '1.14.1' ],
174 silly audit   '@webassemblyjs/floating-point-hex-parser': [ '1.13.2' ],
174 silly audit   '@webassemblyjs/helper-api-error': [ '1.13.2' ],
174 silly audit   '@webassemblyjs/helper-buffer': [ '1.14.1' ],
174 silly audit   '@webassemblyjs/helper-numbers': [ '1.13.2' ],
174 silly audit   '@webassemblyjs/helper-wasm-bytecode': [ '1.13.2' ],
174 silly audit   '@webassemblyjs/helper-wasm-section': [ '1.14.1' ],
174 silly audit   '@webassemblyjs/ieee754': [ '1.13.2' ],
174 silly audit   '@webassemblyjs/leb128': [ '1.13.2' ],
174 silly audit   '@webassemblyjs/utf8': [ '1.13.2' ],
174 silly audit   '@webassemblyjs/wasm-edit': [ '1.14.1' ],
174 silly audit   '@webassemblyjs/wasm-gen': [ '1.14.1' ],
174 silly audit   '@webassemblyjs/wasm-opt': [ '1.14.1' ],
174 silly audit   '@webassemblyjs/wasm-parser': [ '1.14.1' ],
174 silly audit   '@webassemblyjs/wast-printer': [ '1.14.1' ],
174 silly audit   '@xtuc/ieee754': [ '1.2.0' ],
174 silly audit   '@xtuc/long': [ '4.2.2' ],
174 silly audit   abab: [ '2.0.6' ],
174 silly audit   accepts: [ '1.3.8' ],
174 silly audit   negotiator: [ '0.6.3', '0.6.4' ],
174 silly audit   acorn: [ '8.14.1', '7.4.1' ],
174 silly audit   'acorn-globals': [ '6.0.0' ],
174 silly audit   'acorn-jsx': [ '5.3.2' ],
174 silly audit   'acorn-walk': [ '7.2.0' ],
174 silly audit   address: [ '1.2.2' ],
174 silly audit   'adjust-sourcemap-loader': [ '4.0.0' ],
174 silly audit   'agent-base': [ '6.0.2' ],
174 silly audit   ajv: [ '6.12.6', '8.17.1' ],
174 silly audit   'ajv-formats': [ '2.1.1' ],
174 silly audit   'json-schema-traverse': [ '1.0.0', '0.4.1' ],
174 silly audit   'ajv-keywords': [ '3.5.2', '5.1.0' ],
174 silly audit   'ansi-escapes': [ '4.3.2' ],
174 silly audit   'ansi-html': [ '0.0.9' ],
174 silly audit   'ansi-html-community': [ '0.0.8' ],
174 silly audit   'any-promise': [ '1.3.0' ],
174 silly audit   anymatch: [ '3.1.3' ],
174 silly audit   arg: [ '5.0.2' ],
174 silly audit   'array-buffer-byte-length': [ '1.0.2' ],
174 silly audit   'array-flatten': [ '1.1.1' ],
174 silly audit   'array-includes': [ '3.1.8' ],
174 silly audit   'array-union': [ '2.1.0' ],
174 silly audit   'array.prototype.findlast': [ '1.2.5' ],
174 silly audit   'array.prototype.findlastindex': [ '1.2.6' ],
174 silly audit   'array.prototype.flat': [ '1.3.3' ],
174 silly audit   'array.prototype.flatmap': [ '1.3.3' ],
174 silly audit   'array.prototype.reduce': [ '1.0.8' ],
174 silly audit   'array.prototype.tosorted': [ '1.1.4' ],
174 silly audit   'arraybuffer.prototype.slice': [ '1.0.4' ],
174 silly audit   asap: [ '2.0.6' ],
174 silly audit   'ast-types-flow': [ '0.0.8' ],
174 silly audit   async: [ '3.2.6' ],
174 silly audit   'async-function': [ '1.0.0' ],
174 silly audit   asynckit: [ '0.4.0' ],
174 silly audit   'at-least-node': [ '1.0.0' ],
174 silly audit   'attr-accept': [ '2.2.5' ],
174 silly audit   autoprefixer: [ '10.4.21' ],
174 silly audit   'available-typed-arrays': [ '1.0.7' ],
174 silly audit   'axe-core': [ '4.10.3' ],
174 silly audit   'axobject-query': [ '4.1.0' ],
174 silly audit   'babel-jest': [ '27.5.1' ],
174 silly audit   'babel-loader': [ '8.4.1' ],
174 silly audit   'schema-utils': [ '2.7.1', '3.3.0', '2.7.0', '4.3.0' ],
174 silly audit   'babel-plugin-istanbul': [ '6.1.1' ],
174 silly audit   'babel-plugin-jest-hoist': [ '27.5.1' ],
174 silly audit   'babel-plugin-macros': [ '3.1.0' ],
174 silly audit   'babel-plugin-named-asset-import': [ '0.3.8' ],
174 silly audit   'babel-plugin-polyfill-corejs2': [ '0.4.13' ],
174 silly audit   'babel-plugin-polyfill-corejs3': [ '0.11.1' ],
174 silly audit   'babel-plugin-polyfill-regenerator': [ '0.6.4' ],
174 silly audit   'babel-plugin-transform-react-remove-prop-types': [ '0.4.24' ],
174 silly audit   'babel-preset-current-node-syntax': [ '1.1.0' ],
174 silly audit   'babel-preset-jest': [ '27.5.1' ],
174 silly audit   'babel-preset-react-app': [ '10.1.0' ],
174 silly audit   'balanced-match': [ '1.0.2' ],
174 silly audit   batch: [ '0.6.1' ],
174 silly audit   bfj: [ '7.1.0' ],
174 silly audit   'big.js': [ '5.2.2' ],
174 silly audit   'binary-extensions': [ '2.3.0' ],
174 silly audit   bluebird: [ '3.7.2' ],
174 silly audit   'body-parser': [ '1.20.3' ],
174 silly audit   debug: [ '2.6.9', '4.4.0', '3.2.7' ],
174 silly audit   'iconv-lite': [ '0.4.24', '0.6.3' ],
174 silly audit   ms: [ '2.0.0', '2.1.3' ],
174 silly audit   'bonjour-service': [ '1.3.0' ],
174 silly audit   boolbase: [ '1.0.0' ],
174 silly audit   'brace-expansion': [ '1.1.11', '2.0.1' ],
174 silly audit   braces: [ '3.0.3' ],
174 silly audit   'browser-process-hrtime': [ '1.0.0' ],
174 silly audit   browserslist: [ '4.24.4' ],
174 silly audit   bser: [ '2.1.1' ],
174 silly audit   'buffer-from': [ '1.1.2' ],
174 silly audit   'builtin-modules': [ '3.3.0' ],
174 silly audit   bytes: [ '3.1.2' ],
174 silly audit   'call-bind': [ '1.0.8' ],
174 silly audit   'call-bind-apply-helpers': [ '1.0.2' ],
174 silly audit   'call-bound': [ '1.0.4' ],
174 silly audit   callsites: [ '3.1.0' ],
174 silly audit   'camel-case': [ '4.1.2' ],
174 silly audit   'camelcase-css': [ '2.0.1' ],
174 silly audit   'caniuse-api': [ '3.0.0' ],
174 silly audit   'caniuse-lite': [ '1.0.30001714' ],
174 silly audit   'case-sensitive-paths-webpack-plugin': [ '2.4.0' ],
174 silly audit   'char-regex': [ '1.0.2', '2.0.2' ],
174 silly audit   'check-types': [ '11.2.3' ],
174 silly audit   chokidar: [ '3.6.0' ],
174 silly audit   'glob-parent': [ '5.1.2', '6.0.2' ],
174 silly audit   'chrome-trace-event': [ '1.0.4' ],
174 silly audit   'ci-info': [ '3.9.0' ],
174 silly audit   'cjs-module-lexer': [ '1.4.3' ],
174 silly audit   'clean-css': [ '5.3.3' ],
174 silly audit   clsx: [ '2.1.1' ],
174 silly audit   co: [ '4.6.0' ],
174 silly audit   coa: [ '2.0.2' ],
174 silly audit   'color-convert': [ '1.9.3', '2.0.1' ],
174 silly audit   'color-name': [ '1.1.3', '1.1.4' ],
174 silly audit   'escape-string-regexp': [ '1.0.5', '4.0.0', '2.0.0' ],
174 silly audit   'has-flag': [ '3.0.0', '4.0.0' ],
174 silly audit   'supports-color': [ '5.5.0', '8.1.1', '7.2.0' ],
174 silly audit   'collect-v8-coverage': [ '1.0.2' ],
174 silly audit   colord: [ '2.9.3' ],
174 silly audit   colorette: [ '2.0.20' ],
174 silly audit   'combined-stream': [ '1.0.8' ],
174 silly audit   commander: [ '8.3.0', '7.2.0', '4.1.1', '2.20.3' ],
174 silly audit   'common-tags': [ '1.8.2' ],
174 silly audit   commondir: [ '1.0.1' ],
174 silly audit   compressible: [ '2.0.18' ],
174 silly audit   compression: [ '1.8.0' ],
174 silly audit   'concat-map': [ '0.0.1' ],
174 silly audit   'confusing-browser-globals': [ '1.0.11' ],
174 silly audit   'connect-history-api-fallback': [ '2.0.0' ],
174 silly audit   'content-disposition': [ '0.5.4' ],
174 silly audit   'content-type': [ '1.0.5' ],
174 silly audit   cookie: [ '0.7.1', '1.0.2' ],
174 silly audit   'cookie-signature': [ '1.0.6' ],
174 silly audit   'core-js': [ '3.41.0' ],
174 silly audit   'core-js-compat': [ '3.41.0' ],
174 silly audit   'core-js-pure': [ '3.41.0' ],
174 silly audit   'core-util-is': [ '1.0.3' ],
174 silly audit   cosmiconfig: [ '7.1.0', '6.0.0' ],
174 silly audit   'cross-spawn': [ '7.0.6' ],
174 silly audit   'crypto-random-string': [ '2.0.0' ],
174 silly audit   'css-blank-pseudo': [ '3.0.3' ],
174 silly audit   'css-declaration-sorter': [ '6.4.1' ],
174 silly audit   'css-has-pseudo': [ '3.0.4' ],
174 silly audit   'css-loader': [ '6.11.0' ],
174 silly audit   'css-minimizer-webpack-plugin': [ '3.4.1' ],
174 silly audit   'css-prefers-color-scheme': [ '6.0.3' ],
174 silly audit   'css-select': [ '4.3.0', '2.1.0' ],
174 silly audit   'css-select-base-adapter': [ '0.1.1' ],
174 silly audit   'css-tree': [ '1.0.0-alpha.37', '1.1.3' ],
174 silly audit   'css-what': [ '6.1.0', '3.4.2' ],
174 silly audit   'css.escape': [ '1.5.1' ],
174 silly audit   cssdb: [ '7.11.2' ],
174 silly audit   cssesc: [ '3.0.0' ],
174 silly audit   cssnano: [ '5.1.15' ],
174 silly audit   'cssnano-preset-default': [ '5.2.14' ],
174 silly audit   'cssnano-utils': [ '3.1.0' ],
174 silly audit   csso: [ '4.2.0' ],
174 silly audit   'mdn-data': [ '2.0.14', '2.0.4' ],
174 silly audit   cssom: [ '0.4.4', '0.3.8' ],
174 silly audit   cssstyle: [ '2.3.0' ],
174 silly audit   csstype: [ '3.1.3' ],
174 silly audit   'damerau-levenshtein': [ '1.0.8' ],
174 silly audit   'data-urls': [ '2.0.0' ],
174 silly audit   'data-view-buffer': [ '1.0.2' ],
174 silly audit   'data-view-byte-length': [ '1.0.2' ],
174 silly audit   'data-view-byte-offset': [ '1.0.1' ],
174 silly audit   'decimal.js': [ '10.5.0' ],
174 silly audit   dedent: [ '0.7.0' ],
174 silly audit   'deep-is': [ '0.1.4' ],
174 silly audit   deepmerge: [ '4.3.1' ],
174 silly audit   'default-gateway': [ '6.0.3' ],
174 silly audit   'define-data-property': [ '1.1.4' ],
174 silly audit   'define-lazy-prop': [ '2.0.0' ],
174 silly audit   'define-properties': [ '1.2.1' ],
174 silly audit   'delayed-stream': [ '1.0.0' ],
174 silly audit   depd: [ '2.0.0', '1.1.2' ],
174 silly audit   dequal: [ '2.0.3' ],
174 silly audit   destroy: [ '1.2.0' ],
174 silly audit   'detect-newline': [ '3.1.0' ],
174 silly audit   'detect-node': [ '2.1.0' ],
174 silly audit   'detect-port-alt': [ '1.1.6' ],
174 silly audit   didyoumean: [ '1.2.2' ],
174 silly audit   'diff-sequences': [ '27.5.1' ],
174 silly audit   'dir-glob': [ '3.0.1' ],
174 silly audit   dlv: [ '1.1.3' ],
174 silly audit   'dns-packet': [ '5.6.1' ],
174 silly audit   doctrine: [ '3.0.0', '2.1.0' ],
174 silly audit   'dom-converter': [ '0.2.0' ],
174 silly audit   'dom-serializer': [ '1.4.1', '0.2.2' ],
174 silly audit   domelementtype: [ '2.3.0', '1.3.1' ],
174 silly audit   domexception: [ '2.0.1' ],
174 silly audit   'webidl-conversions': [ '5.0.0', '6.1.0', '4.0.2' ],
174 silly audit   domhandler: [ '4.3.1' ],
174 silly audit   domutils: [ '2.8.0', '1.7.0' ],
174 silly audit   'dot-case': [ '3.0.4' ],
174 silly audit   dotenv: [ '10.0.0' ],
174 silly audit   'dotenv-expand': [ '5.1.0' ],
174 silly audit   'dunder-proto': [ '1.0.1' ],
174 silly audit   duplexer: [ '0.1.2' ],
174 silly audit   eastasianwidth: [ '0.2.0' ],
174 silly audit   'ee-first': [ '1.1.1' ],
174 silly audit   effect: [ '3.12.0' ],
174 silly audit   ejs: [ '3.1.10' ],
174 silly audit   'electron-to-chromium': [ '1.5.138' ],
174 silly audit   emittery: [ '0.8.1', '0.10.2' ],
174 silly audit   'emoji-regex': [ '9.2.2', '8.0.0' ],
174 silly audit   'emojis-list': [ '3.0.0' ],
174 silly audit   encodeurl: [ '2.0.0', '1.0.2' ],
174 silly audit   'enhanced-resolve': [ '5.18.1' ],
174 silly audit   entities: [ '2.2.0' ],
174 silly audit   'error-ex': [ '1.3.2' ],
174 silly audit   'error-stack-parser': [ '2.1.4' ],
174 silly audit   'es-abstract': [ '1.23.9' ],
174 silly audit   'es-array-method-boxes-properly': [ '1.0.0' ],
174 silly audit   'es-define-property': [ '1.0.1' ],
174 silly audit   'es-errors': [ '1.3.0' ],
174 silly audit   'es-iterator-helpers': [ '1.2.1' ],
174 silly audit   'es-module-lexer': [ '1.6.0' ],
174 silly audit   'es-object-atoms': [ '1.1.1' ],
174 silly audit   'es-set-tostringtag': [ '2.1.0' ],
174 silly audit   'es-shim-unscopables': [ '1.1.0' ],
174 silly audit   'es-to-primitive': [ '1.3.0' ],
174 silly audit   escalade: [ '3.2.0' ],
174 silly audit   'escape-html': [ '1.0.3' ],
174 silly audit   escodegen: [ '2.1.0', '1.14.3' ],
174 silly audit   eslint: [ '8.57.1' ],
174 silly audit   'eslint-config-react-app': [ '7.0.1' ],
174 silly audit   'eslint-import-resolver-node': [ '0.3.9' ],
174 silly audit   'eslint-module-utils': [ '2.12.0' ],
174 silly audit   'eslint-plugin-flowtype': [ '8.0.3' ],
174 silly audit   'eslint-plugin-import': [ '2.31.0' ],
174 silly audit   'eslint-plugin-jest': [ '25.7.0' ],
174 silly audit   'eslint-plugin-jsx-a11y': [ '6.10.2' ],
174 silly audit   'eslint-plugin-react': [ '7.37.5' ],
174 silly audit   'eslint-plugin-react-hooks': [ '4.6.2' ],
174 silly audit   resolve: [ '2.0.0-next.5', '1.22.10' ],
174 silly audit   'eslint-plugin-testing-library': [ '5.11.1' ],
174 silly audit   'eslint-webpack-plugin': [ '3.2.0' ],
174 silly audit   'jest-worker': [ '28.1.3', '27.5.1', '26.6.2' ],
174 silly audit   'find-up': [ '5.0.0', '4.1.0', '3.0.0' ],
174 silly audit   'locate-path': [ '6.0.0', '5.0.0', '3.0.0' ],
174 silly audit   'p-limit': [ '3.1.0', '2.3.0' ],
174 silly audit   'p-locate': [ '5.0.0', '4.1.0', '3.0.0' ],
174 silly audit   espree: [ '9.6.1' ],
174 silly audit   esprima: [ '4.0.1', '1.2.2' ],
174 silly audit   esquery: [ '1.6.0' ],
174 silly audit   esrecurse: [ '4.3.0' ],
174 silly audit   'estree-walker': [ '1.0.1' ],
174 silly audit   esutils: [ '2.0.3' ],
174 silly audit   etag: [ '1.8.1' ],
174 silly audit   eventemitter3: [ '4.0.7' ],
174 silly audit   events: [ '3.3.0' ],
174 silly audit   execa: [ '5.1.1' ],
174 silly audit   exit: [ '0.1.2' ],
174 silly audit   expect: [ '27.5.1' ],
174 silly audit   express: [ '4.21.2' ],
174 silly audit   'fast-check': [ '3.23.2' ],
174 silly audit   'fast-deep-equal': [ '3.1.3' ],
174 silly audit   'fast-glob': [ '3.3.3' ],
174 silly audit   'fast-json-stable-stringify': [ '2.1.0' ],
174 silly audit   'fast-levenshtein': [ '2.0.6' ],
174 silly audit   'fast-uri': [ '3.0.6' ],
174 silly audit   fastq: [ '1.19.1' ],
174 silly audit   'faye-websocket': [ '0.11.4' ],
174 silly audit   'fb-watchman': [ '2.0.2' ],
174 silly audit   'file-entry-cache': [ '6.0.1' ],
174 silly audit   'file-loader': [ '6.2.0' ],
174 silly audit   filelist: [ '1.0.4' ],
174 silly audit   minimatch: [ '5.1.6', '3.1.2', '9.0.5' ],
174 silly audit   filesize: [ '8.0.7' ],
174 silly audit   'fill-range': [ '7.1.1' ],
174 silly audit   finalhandler: [ '1.3.1' ],
174 silly audit   'find-cache-dir': [ '3.3.2' ],
174 silly audit   'find-my-way-ts': [ '0.1.5' ],
174 silly audit   firebase: [ '11.6.0' ],
174 silly audit   'firebase-hooks': [ '0.0.1' ],
174 silly audit   'flat-cache': [ '3.2.0' ],
174 silly audit   flatted: [ '3.3.3' ],
174 silly audit   'follow-redirects': [ '1.15.9' ],
174 silly audit   'for-each': [ '0.3.5' ],
174 silly audit   'foreground-child': [ '3.3.1' ],
174 silly audit   'signal-exit': [ '4.1.0', '3.0.7' ],
174 silly audit   'fork-ts-checker-webpack-plugin': [ '6.5.3' ],
174 silly audit   'fs-extra': [ '9.1.0', '10.1.0' ],
174 silly audit   tapable: [ '1.1.3', '2.2.1' ],
174 silly audit   'form-data': [ '3.0.3' ],
174 silly audit   forwarded: [ '0.2.0' ],
174 silly audit   'fraction.js': [ '4.3.7' ],
174 silly audit   fresh: [ '0.5.2' ],
174 silly audit   'fs-monkey': [ '1.0.6' ],
174 silly audit   'fs.realpath': [ '1.0.0' ],
174 silly audit   fsevents: [ '2.3.3' ],
174 silly audit   'function-bind': [ '1.1.2' ],
174 silly audit   'function.prototype.name': [ '1.1.8' ],
174 silly audit   'functions-have-names': [ '1.2.3' ],
174 silly audit   gensync: [ '1.0.0-beta.2' ],
174 silly audit   'get-caller-file': [ '2.0.5' ],
174 silly audit   'get-intrinsic': [ '1.3.0' ],
174 silly audit   'get-own-enumerable-property-symbols': [ '3.0.2' ],
174 silly audit   'get-package-type': [ '0.1.0' ],
174 silly audit   'get-proto': [ '1.0.1' ],
174 silly audit   'get-stream': [ '6.0.1' ],
174 silly audit   'get-symbol-description': [ '1.1.0' ],
174 silly audit   glob: [ '7.2.3', '10.4.5' ],
174 silly audit   'glob-to-regexp': [ '0.4.1' ],
174 silly audit   'global-modules': [ '2.0.0' ],
174 silly audit   'global-prefix': [ '3.0.0' ],
174 silly audit   which: [ '1.3.1', '2.0.2' ],
174 silly audit   globalthis: [ '1.0.4' ],
174 silly audit   globby: [ '11.1.0' ],
174 silly audit   gopd: [ '1.2.0' ],
174 silly audit   'graceful-fs': [ '4.2.11' ],
174 silly audit   graphemer: [ '1.4.0' ],
174 silly audit   'gzip-size': [ '6.0.0' ],
174 silly audit   'handle-thing': [ '2.0.1' ],
174 silly audit   'harmony-reflect': [ '1.6.2' ],
174 silly audit   'has-bigints': [ '1.1.0' ],
174 silly audit   'has-property-descriptors': [ '1.0.2' ],
174 silly audit   'has-proto': [ '1.2.0' ],
174 silly audit   'has-symbols': [ '1.1.0' ],
174 silly audit   'has-tostringtag': [ '1.0.2' ],
174 silly audit   hasown: [ '2.0.2' ],
174 silly audit   he: [ '1.2.0' ],
174 silly audit   hoopy: [ '0.1.4' ],
174 silly audit   'hpack.js': [ '2.1.6' ],
174 silly audit   isarray: [ '1.0.0', '2.0.5' ],
174 silly audit   'readable-stream': [ '2.3.8', '3.6.2' ],
174 silly audit   'safe-buffer': [ '5.1.2', '5.2.1' ],
174 silly audit   string_decoder: [ '1.1.1', '1.3.0' ],
174 silly audit   'html-encoding-sniffer': [ '2.0.1' ],
174 silly audit   'html-entities': [ '2.6.0' ],
174 silly audit   'html-escaper': [ '2.0.2' ],
174 silly audit   'html-minifier-terser': [ '6.1.0' ],
174 silly audit   'html-webpack-plugin': [ '5.6.3' ],
174 silly audit   htmlparser2: [ '6.1.0' ],
174 silly audit   'http-deceiver': [ '1.2.7' ],
174 silly audit   'http-errors': [ '2.0.0', '1.6.3' ],
174 silly audit   'http-parser-js': [ '0.5.10' ],
174 silly audit   'http-proxy': [ '1.18.1' ],
174 silly audit   'http-proxy-agent': [ '4.0.1' ],
174 silly audit   'http-proxy-middleware': [ '2.0.9' ],
174 silly audit   'https-proxy-agent': [ '5.0.1' ],
174 silly audit   'human-signals': [ '2.1.0' ],
174 silly audit   'icss-utils': [ '5.1.0' ],
174 silly audit   idb: [ '7.1.1' ],
174 silly audit   'identity-obj-proxy': [ '3.0.0' ],
174 silly audit   ignore: [ '5.3.2' ],
174 silly audit   immer: [ '9.0.21' ],
174 silly audit   'import-fresh': [ '3.3.1' ],
174 silly audit   'resolve-from': [ '4.0.0', '5.0.0' ],
174 silly audit   'import-local': [ '3.2.0' ],
174 silly audit   imurmurhash: [ '0.1.4' ],
174 silly audit   'indent-string': [ '4.0.0' ],
174 silly audit   inflight: [ '1.0.6' ],
174 silly audit   inherits: [ '2.0.4', '2.0.3' ],
174 silly audit   ini: [ '1.3.8' ],
174 silly audit   'internal-slot': [ '1.1.0' ],
174 silly audit   'ipaddr.js': [ '2.2.0', '1.9.1' ],
174 silly audit   'is-array-buffer': [ '3.0.5' ],
174 silly audit   'is-arrayish': [ '0.2.1' ],
174 silly audit   'is-async-function': [ '2.1.1' ],
174 silly audit   'is-bigint': [ '1.1.0' ],
174 silly audit   'is-binary-path': [ '2.1.0' ],
174 silly audit   'is-boolean-object': [ '1.2.2' ],
174 silly audit   'is-callable': [ '1.2.7' ],
174 silly audit   'is-core-module': [ '2.16.1' ],
174 silly audit   'is-data-view': [ '1.0.2' ],
174 silly audit   'is-date-object': [ '1.1.0' ],
174 silly audit   'is-docker': [ '2.2.1' ],
174 silly audit   'is-extglob': [ '2.1.1' ],
174 silly audit   'is-finalizationregistry': [ '1.1.1' ],
174 silly audit   'is-fullwidth-code-point': [ '3.0.0' ],
174 silly audit   'is-generator-fn': [ '2.1.0' ],
174 silly audit   'is-generator-function': [ '1.1.0' ],
174 silly audit   'is-glob': [ '4.0.3' ],
174 silly audit   'is-map': [ '2.0.3' ],
174 silly audit   'is-module': [ '1.0.0' ],
174 silly audit   'is-number': [ '7.0.0' ],
174 silly audit   'is-number-object': [ '1.1.1' ],
174 silly audit   'is-obj': [ '1.0.1' ],
174 silly audit   'is-path-inside': [ '3.0.3' ],
174 silly audit   'is-plain-obj': [ '3.0.0' ],
174 silly audit   'is-potential-custom-element-name': [ '1.0.1' ],
174 silly audit   'is-regex': [ '1.2.1' ],
174 silly audit   'is-regexp': [ '1.0.0' ],
174 silly audit   'is-root': [ '2.1.0' ],
174 silly audit   'is-set': [ '2.0.3' ],
174 silly audit   'is-shared-array-buffer': [ '1.0.4' ],
174 silly audit   'is-stream': [ '2.0.1' ],
174 silly audit   'is-string': [ '1.1.1' ],
174 silly audit   'is-symbol': [ '1.1.1' ],
174 silly audit   'is-typed-array': [ '1.1.15' ],
174 silly audit   'is-typedarray': [ '1.0.0' ],
174 silly audit   'is-weakmap': [ '2.0.2' ],
174 silly audit   'is-weakref': [ '1.1.1' ],
174 silly audit   'is-weakset': [ '2.0.4' ],
174 silly audit   'is-wsl': [ '2.2.0' ],
174 silly audit   isexe: [ '2.0.0' ],
174 silly audit   'istanbul-lib-coverage': [ '3.2.2' ],
174 silly audit   'istanbul-lib-instrument': [ '5.2.1' ],
174 silly audit   'istanbul-lib-report': [ '3.0.1' ],
174 silly audit   'make-dir': [ '4.0.0', '3.1.0' ],
174 silly audit   'istanbul-lib-source-maps': [ '4.0.1' ],
174 silly audit   'istanbul-reports': [ '3.1.7' ],
174 silly audit   'iterator.prototype': [ '1.1.5' ],
174 silly audit   jackspeak: [ '3.4.3' ],
174 silly audit   jake: [ '10.9.2' ],
174 silly audit   jest: [ '27.5.1' ],
174 silly audit   'jest-changed-files': [ '27.5.1' ],
174 silly audit   'jest-circus': [ '27.5.1' ],
174 silly audit   'jest-cli': [ '27.5.1' ],
174 silly audit   'jest-config': [ '27.5.1' ],
174 silly audit   'jest-diff': [ '27.5.1' ],
174 silly audit   'jest-docblock': [ '27.5.1' ],
174 silly audit   'jest-each': [ '27.5.1' ],
174 silly audit   'jest-environment-jsdom': [ '27.5.1' ],
174 silly audit   'jest-environment-node': [ '27.5.1' ],
174 silly audit   'jest-get-type': [ '27.5.1' ],
174 silly audit   'jest-haste-map': [ '27.5.1' ],
174 silly audit   'jest-jasmine2': [ '27.5.1' ],
174 silly audit   'jest-leak-detector': [ '27.5.1' ],
174 silly audit   'jest-matcher-utils': [ '27.5.1' ],
174 silly audit   'jest-message-util': [ '27.5.1', '28.1.3' ],
174 silly audit   'jest-mock': [ '27.5.1' ],
174 silly audit   'jest-pnp-resolver': [ '1.2.3' ],
174 silly audit   'jest-regex-util': [ '27.5.1', '28.0.2' ],
174 silly audit   'jest-resolve': [ '27.5.1' ],
174 silly audit   'jest-resolve-dependencies': [ '27.5.1' ],
174 silly audit   'jest-runner': [ '27.5.1' ],
174 silly audit   'jest-runtime': [ '27.5.1' ],
174 silly audit   'jest-serializer': [ '27.5.1' ],
174 silly audit   'jest-snapshot': [ '27.5.1' ],
174 silly audit   'jest-util': [ '27.5.1', '28.1.3' ],
174 silly audit   'jest-validate': [ '27.5.1' ],
174 silly audit   'jest-watch-typeahead': [ '1.1.0' ],
174 silly audit   slash: [ '3.0.0', '4.0.0' ],
174 silly audit   'jest-watcher': [ '28.1.3', '27.5.1' ],
174 silly audit   'string-length': [ '4.0.2', '5.0.1' ],
174 silly audit   'pretty-format': [ '28.1.3', '27.5.1' ],
174 silly audit   'react-is': [ '18.3.1', '16.13.1', '17.0.2' ],
174 silly audit   jiti: [ '1.21.7' ],
174 silly audit   'js-tokens': [ '4.0.0' ],
174 silly audit   jsdom: [ '16.7.0' ],
174 silly audit   jsesc: [ '3.1.0', '3.0.2' ],
174 silly audit   'json-buffer': [ '3.0.1' ],
174 silly audit   'json-parse-even-better-errors': [ '2.3.1' ],
174 silly audit   'json-schema': [ '0.4.0' ],
174 silly audit   'json-stable-stringify-without-jsonify': [ '1.0.1' ],
174 silly audit   json5: [ '2.2.3', '1.0.2' ],
174 silly audit   jsonfile: [ '6.1.0' ],
174 silly audit   jsonpath: [ '1.1.1' ],
174 silly audit   jsonpointer: [ '5.0.1' ],
174 silly audit   'jsx-ast-utils': [ '3.3.5' ],
174 silly audit   keyv: [ '4.5.4' ],
174 silly audit   'kind-of': [ '6.0.3' ],
174 silly audit   kleur: [ '3.0.3' ],
174 silly audit   klona: [ '2.0.6' ],
174 silly audit   'language-subtag-registry': [ '0.3.23' ],
174 silly audit   'language-tags': [ '1.0.9' ],
174 silly audit   'launch-editor': [ '2.10.0' ],
174 silly audit   leven: [ '3.1.0' ],
174 silly audit   levn: [ '0.4.1', '0.3.0' ],
174 silly audit   lilconfig: [ '2.1.0', '3.1.3' ],
174 silly audit   'lines-and-columns': [ '1.2.4' ],
174 silly audit   'loader-runner': [ '4.3.0' ],
174 silly audit   'loader-utils': [ '2.0.4', '3.3.1' ],
174 silly audit   lodash: [ '4.17.21' ],
174 silly audit   'lodash.camelcase': [ '4.3.0' ],
174 silly audit   'lodash.debounce': [ '4.0.8' ],
174 silly audit   'lodash.memoize': [ '4.1.2' ],
174 silly audit   'lodash.merge': [ '4.6.2' ],
174 silly audit   'lodash.sortby': [ '4.7.0' ],
174 silly audit   'lodash.uniq': [ '4.5.0' ],
174 silly audit   long: [ '5.3.2' ],
174 silly audit   'loose-envify': [ '1.4.0' ],
174 silly audit   'lower-case': [ '2.0.2' ],
174 silly audit   'lru-cache': [ '5.1.1', '10.4.3' ],
174 silly audit   'lz-string': [ '1.5.0' ],
174 silly audit   'magic-string': [ '0.25.9' ],
174 silly audit   makeerror: [ '1.0.12' ],
174 silly audit   'math-intrinsics': [ '1.1.0' ],
174 silly audit   'media-typer': [ '0.3.0' ],
174 silly audit   memfs: [ '3.5.3' ],
174 silly audit   'merge-descriptors': [ '1.0.3' ],
174 silly audit   'merge-stream': [ '2.0.0' ],
174 silly audit   merge2: [ '1.4.1' ],
174 silly audit   methods: [ '1.1.2' ],
174 silly audit   micromatch: [ '4.0.8' ],
174 silly audit   mime: [ '1.6.0' ],
174 silly audit   'mime-db': [ '1.52.0' ],
174 silly audit   'mime-types': [ '2.1.35' ],
174 silly audit   'mimic-fn': [ '2.1.0' ],
174 silly audit   'min-indent': [ '1.0.1' ],
174 silly audit   'mini-css-extract-plugin': [ '2.9.2' ],
174 silly audit   'minimalistic-assert': [ '1.0.1' ],
174 silly audit   minimist: [ '1.2.8' ],
174 silly audit   minipass: [ '7.1.2' ],
174 silly audit   mkdirp: [ '0.5.6' ],
174 silly audit   'multicast-dns': [ '7.2.5' ],
174 silly audit   multipasta: [ '0.2.5' ],
174 silly audit   mz: [ '2.7.0' ],
174 silly audit   nanoid: [ '3.3.11' ],
174 silly audit   'natural-compare': [ '1.4.0' ],
174 silly audit   'natural-compare-lite': [ '1.4.0' ],
174 silly audit   'neo-async': [ '2.6.2' ],
174 silly audit   'no-case': [ '3.0.4' ],
174 silly audit   'node-forge': [ '1.3.1' ],
174 silly audit   'node-int64': [ '0.4.0' ],
174 silly audit   'node-releases': [ '2.0.19' ],
174 silly audit   'normalize-path': [ '3.0.0' ],
174 silly audit   'normalize-range': [ '0.1.2' ],
174 silly audit   'normalize-url': [ '6.1.0' ],
174 silly audit   'npm-run-path': [ '4.0.1' ],
174 silly audit   'nth-check': [ '2.1.1', '1.0.2' ],
174 silly audit   nwsapi: [ '2.2.20' ],
174 silly audit   'object-assign': [ '4.1.1' ],
174 silly audit   'object-hash': [ '3.0.0' ],
174 silly audit   'object-inspect': [ '1.13.4' ],
174 silly audit   'object-keys': [ '1.1.1' ],
174 silly audit   'object.assign': [ '4.1.7' ],
174 silly audit   'object.entries': [ '1.1.9' ],
174 silly audit   'object.fromentries': [ '2.0.8' ],
174 silly audit   'object.getownpropertydescriptors': [ '2.1.8' ],
174 silly audit   'object.groupby': [ '1.0.3' ],
174 silly audit   'object.values': [ '1.2.1' ],
174 silly audit   obuf: [ '1.1.2' ],
174 silly audit   'on-finished': [ '2.4.1' ],
174 silly audit   'on-headers': [ '1.0.2' ],
174 silly audit   once: [ '1.4.0' ],
174 silly audit   onetime: [ '5.1.2' ],
174 silly audit   open: [ '8.4.2' ],
174 silly audit   optionator: [ '0.9.4', '0.8.3' ],
174 silly audit   'own-keys': [ '1.0.1' ],
174 silly audit   'p-retry': [ '4.6.2' ],
174 silly audit   'p-try': [ '2.2.0' ],
174 silly audit   'package-json-from-dist': [ '1.0.1' ],
174 silly audit   'param-case': [ '3.0.4' ],
174 silly audit   'parent-module': [ '1.0.1' ],
174 silly audit   'parse-json': [ '5.2.0' ],
174 silly audit   parse5: [ '6.0.1' ],
174 silly audit   parseurl: [ '1.3.3' ],
174 silly audit   'pascal-case': [ '3.1.2' ],
174 silly audit   'path-exists': [ '4.0.0', '3.0.0' ],
174 silly audit   'path-is-absolute': [ '1.0.1' ],
174 silly audit   'path-key': [ '3.1.1' ],
174 silly audit   'path-parse': [ '1.0.7' ],
174 silly audit   'path-scurry': [ '1.11.1' ],
174 silly audit   'path-to-regexp': [ '0.1.12' ],
174 silly audit   'path-type': [ '4.0.0' ],
174 silly audit   'performance-now': [ '2.1.0' ],
174 silly audit   picocolors: [ '1.1.1', '0.2.1' ],
174 silly audit   picomatch: [ '2.3.1' ],
174 silly audit   pify: [ '2.3.0' ],
174 silly audit   pirates: [ '4.0.7' ],
174 silly audit   'pkg-dir': [ '4.2.0' ],
174 silly audit   'pkg-up': [ '3.1.0' ],
174 silly audit   'possible-typed-array-names': [ '1.1.0' ],
174 silly audit   postcss: [ '8.5.3', '7.0.39' ],
174 silly audit   'postcss-attribute-case-insensitive': [ '5.0.2' ],
174 silly audit   'postcss-browser-comments': [ '4.0.0' ],
174 silly audit   'postcss-calc': [ '8.2.4' ],
174 silly audit   'postcss-clamp': [ '4.1.0' ],
174 silly audit   'postcss-color-functional-notation': [ '4.2.4' ],
174 silly audit   'postcss-color-hex-alpha': [ '8.0.4' ],
174 silly audit   'postcss-color-rebeccapurple': [ '7.1.1' ],
174 silly audit   'postcss-colormin': [ '5.3.1' ],
174 silly audit   'postcss-convert-values': [ '5.1.3' ],
174 silly audit   'postcss-custom-media': [ '8.0.2' ],
174 silly audit   'postcss-custom-properties': [ '12.1.11' ],
174 silly audit   'postcss-custom-selectors': [ '6.0.3' ],
174 silly audit   'postcss-dir-pseudo-class': [ '6.0.5' ],
174 silly audit   'postcss-discard-comments': [ '5.1.2' ],
174 silly audit   'postcss-discard-duplicates': [ '5.1.0' ],
174 silly audit   'postcss-discard-empty': [ '5.1.1' ],
174 silly audit   'postcss-discard-overridden': [ '5.1.0' ],
174 silly audit   'postcss-double-position-gradients': [ '3.1.2' ],
174 silly audit   'postcss-env-function': [ '4.0.6' ],
174 silly audit   'postcss-flexbugs-fixes': [ '5.0.2' ],
174 silly audit   'postcss-focus-visible': [ '6.0.4' ],
174 silly audit   'postcss-focus-within': [ '5.0.4' ],
174 silly audit   'postcss-font-variant': [ '5.0.0' ],
174 silly audit   'postcss-gap-properties': [ '3.0.5' ],
174 silly audit   'postcss-image-set-function': [ '4.0.7' ],
174 silly audit   'postcss-import': [ '15.1.0' ],
174 silly audit   'postcss-initial': [ '4.0.1' ],
174 silly audit   'postcss-js': [ '4.0.1' ],
174 silly audit   'postcss-lab-function': [ '4.2.1' ],
174 silly audit   'postcss-load-config': [ '4.0.2' ],
174 silly audit   yaml: [ '2.7.1', '1.10.2' ],
174 silly audit   'postcss-loader': [ '6.2.1' ],
174 silly audit   'postcss-logical': [ '5.0.4' ],
174 silly audit   'postcss-media-minmax': [ '5.0.0' ],
174 silly audit   'postcss-merge-longhand': [ '5.1.7' ],
174 silly audit   'postcss-merge-rules': [ '5.1.4' ],
174 silly audit   'postcss-minify-font-values': [ '5.1.0' ],
174 silly audit   'postcss-minify-gradients': [ '5.1.1' ],
174 silly audit   'postcss-minify-params': [ '5.1.4' ],
174 silly audit   'postcss-minify-selectors': [ '5.2.1' ],
174 silly audit   'postcss-modules-extract-imports': [ '3.1.0' ],
174 silly audit   'postcss-modules-local-by-default': [ '4.2.0' ],
174 silly audit   'postcss-selector-parser': [ '7.1.0', '6.1.2' ],
174 silly audit   'postcss-modules-scope': [ '3.2.1' ],
174 silly audit   'postcss-modules-values': [ '4.0.0' ],
174 silly audit   'postcss-nested': [ '6.2.0' ],
174 silly audit   'postcss-nesting': [ '10.2.0' ],
174 silly audit   'postcss-normalize': [ '10.0.1' ],
174 silly audit   'postcss-normalize-charset': [ '5.1.0' ],
174 silly audit   'postcss-normalize-display-values': [ '5.1.0' ],
174 silly audit   'postcss-normalize-positions': [ '5.1.1' ],
174 silly audit   'postcss-normalize-repeat-style': [ '5.1.1' ],
174 silly audit   'postcss-normalize-string': [ '5.1.0' ],
174 silly audit   'postcss-normalize-timing-functions': [ '5.1.0' ],
174 silly audit   'postcss-normalize-unicode': [ '5.1.1' ],
174 silly audit   'postcss-normalize-url': [ '5.1.0' ],
174 silly audit   'postcss-normalize-whitespace': [ '5.1.1' ],
174 silly audit   'postcss-opacity-percentage': [ '1.1.3' ],
174 silly audit   'postcss-ordered-values': [ '5.1.3' ],
174 silly audit   'postcss-overflow-shorthand': [ '3.0.4' ],
174 silly audit   'postcss-page-break': [ '3.0.4' ],
174 silly audit   'postcss-place': [ '7.0.5' ],
174 silly audit   'postcss-preset-env': [ '7.8.3' ],
174 silly audit   'postcss-pseudo-class-any-link': [ '7.1.6' ],
174 silly audit   'postcss-reduce-initial': [ '5.1.2' ],
174 silly audit   'postcss-reduce-transforms': [ '5.1.0' ],
174 silly audit   'postcss-replace-overflow-wrap': [ '4.0.0' ],
174 silly audit   'postcss-selector-not': [ '6.0.1' ],
174 silly audit   'postcss-svgo': [ '5.1.0' ],
174 silly audit   svgo: [ '2.8.0', '1.3.2' ],
174 silly audit   'postcss-unique-selectors': [ '5.1.1' ],
174 silly audit   'postcss-value-parser': [ '4.2.0' ],
174 silly audit   'prelude-ls': [ '1.2.1', '1.1.2' ],
174 silly audit   'pretty-bytes': [ '5.6.0' ],
174 silly audit   'pretty-error': [ '4.0.0' ],
174 silly audit   'process-nextick-args': [ '2.0.1' ],
174 silly audit   promise: [ '8.3.0' ],
174 silly audit   prompts: [ '2.4.2' ],
174 silly audit   'prop-types': [ '15.8.1' ],
174 silly audit   protobufjs: [ '7.5.0' ],
174 silly audit   'proxy-addr': [ '2.0.7' ],
174 silly audit   psl: [ '1.15.0' ],
174 silly audit   punycode: [ '2.3.1' ],
174 silly audit   'pure-rand': [ '6.1.0' ],
174 silly audit   q: [ '1.5.1' ],
174 silly audit   qs: [ '6.13.0' ],
174 silly audit   querystringify: [ '2.2.0' ],
174 silly audit   'queue-microtask': [ '1.2.3' ],
174 silly audit   raf: [ '3.4.1' ],
174 silly audit   randombytes: [ '2.1.0' ],
174 silly audit   'range-parser': [ '1.2.1' ],
174 silly audit   'raw-body': [ '2.5.2' ],
174 silly audit   react: [ '19.1.0' ],
174 silly audit   'react-app-polyfill': [ '3.0.0' ],
174 silly audit   'regenerator-runtime': [ '0.13.11', '0.14.1' ],
174 silly audit   'react-dev-utils': [ '12.0.1' ],
174 silly audit   'react-dom': [ '19.1.0' ],
174 silly audit   'react-dropzone': [ '14.3.8' ],
174 silly audit   'react-error-overlay': [ '6.1.0' ],
174 silly audit   'react-icons': [ '5.5.0' ],
174 silly audit   'react-refresh': [ '0.11.0' ],
174 silly audit   'react-router': [ '7.5.1' ],
174 silly audit   'react-router-dom': [ '7.5.1' ],
174 silly audit   'react-scripts': [ '5.0.1' ],
174 silly audit   'react-toastify': [ '11.0.5' ],
174 silly audit   'read-cache': [ '1.0.0' ],
174 silly audit   readdirp: [ '3.6.0' ],
174 silly audit   'recursive-readdir': [ '2.2.3' ],
174 silly audit   redent: [ '3.0.0' ],
174 silly audit   'reflect.getprototypeof': [ '1.0.10' ],
174 silly audit   regenerate: [ '1.4.2' ],
174 silly audit   'regenerate-unicode-properties': [ '10.2.0' ],
174 silly audit   'regenerator-transform': [ '0.15.2' ],
174 silly audit   'regex-parser': [ '2.3.1' ],
174 silly audit   'regexp.prototype.flags': [ '1.5.4' ],
174 silly audit   'regexpu-core': [ '6.2.0' ],
174 silly audit   regjsgen: [ '0.8.0' ],
174 silly audit   regjsparser: [ '0.12.0' ],
174 silly audit   relateurl: [ '0.2.7' ],
174 silly audit   renderkid: [ '3.0.0' ],
174 silly audit   'require-directory': [ '2.1.1' ],
174 silly audit   'require-from-string': [ '2.0.2' ],
174 silly audit   'requires-port': [ '1.0.0' ],
174 silly audit   'resolve-cwd': [ '3.0.0' ],
174 silly audit   'resolve-url-loader': [ '4.0.0' ],
174 silly audit   'resolve.exports': [ '1.1.1' ],
174 silly audit   retry: [ '0.13.1' ],
174 silly audit   reusify: [ '1.1.0' ],
174 silly audit   rimraf: [ '3.0.2' ],
174 silly audit   rollup: [ '2.79.2' ],
174 silly audit   'rollup-plugin-terser': [ '7.0.2' ],
174 silly audit   'serialize-javascript': [ '4.0.0', '6.0.2' ],
174 silly audit   'run-parallel': [ '1.2.0' ],
174 silly audit   'safe-array-concat': [ '1.1.3' ],
174 silly audit   'safe-push-apply': [ '1.0.0' ],
174 silly audit   'safe-regex-test': [ '1.1.0' ],
174 silly audit   'safer-buffer': [ '2.1.2' ],
174 silly audit   'sanitize.css': [ '13.0.0' ],
174 silly audit   'sass-loader': [ '12.6.0' ],
174 silly audit   sax: [ '1.2.4' ],
174 silly audit   saxes: [ '5.0.1' ],
174 silly audit   scheduler: [ '0.26.0' ],
174 silly audit   'select-hose': [ '2.0.0' ],
174 silly audit   selfsigned: [ '2.4.1' ],
174 silly audit   send: [ '0.19.0' ],
174 silly audit   'serve-index': [ '1.9.1' ],
174 silly audit   setprototypeof: [ '1.1.0', '1.2.0' ],
174 silly audit   statuses: [ '1.5.0', '2.0.1' ],
174 silly audit   'serve-static': [ '1.16.2' ],
174 silly audit   'set-cookie-parser': [ '2.7.1' ],
174 silly audit   'set-function-length': [ '1.2.2' ],
174 silly audit   'set-function-name': [ '2.0.2' ],
174 silly audit   'set-proto': [ '1.0.0' ],
174 silly audit   'shebang-command': [ '2.0.0' ],
174 silly audit   'shebang-regex': [ '3.0.0' ],
174 silly audit   'shell-quote': [ '1.8.2' ],
174 silly audit   'side-channel': [ '1.1.0' ],
174 silly audit   'side-channel-list': [ '1.0.0' ],
174 silly audit   'side-channel-map': [ '1.0.1' ],
174 silly audit   'side-channel-weakmap': [ '1.0.2' ],
174 silly audit   sisteransi: [ '1.0.5' ],
174 silly audit   sockjs: [ '0.3.24' ],
174 silly audit   'source-list-map': [ '2.0.1' ],
174 silly audit   'source-map-js': [ '1.2.1' ],
174 silly audit   'source-map-loader': [ '3.0.2' ],
174 silly audit   'source-map-support': [ '0.5.21' ],
174 silly audit   'sourcemap-codec': [ '1.4.8' ],
174 silly audit   spdy: [ '4.0.2' ],
174 silly audit   'spdy-transport': [ '3.0.0' ],
174 silly audit   'sprintf-js': [ '1.0.3' ],
174 silly audit   sqids: [ '0.3.0' ],
174 silly audit   stable: [ '0.1.8' ],
174 silly audit   'stack-utils': [ '2.0.6' ],
174 silly audit   stackframe: [ '1.3.4' ],
174 silly audit   'static-eval': [ '2.0.2' ],
174 silly audit   'type-check': [ '0.3.2', '0.4.0' ],
174 silly audit   'string-natural-compare': [ '3.0.1' ],
174 silly audit   'string.prototype.includes': [ '2.0.1' ],
174 silly audit   'string.prototype.matchall': [ '4.0.12' ],
174 silly audit   'string.prototype.repeat': [ '1.0.0' ],
174 silly audit   'string.prototype.trim': [ '1.2.10' ],
174 silly audit   'string.prototype.trimend': [ '1.0.9' ],
174 silly audit   'string.prototype.trimstart': [ '1.0.8' ],
174 silly audit   'stringify-object': [ '3.3.0' ],
174 silly audit   'strip-bom': [ '4.0.0', '3.0.0' ],
174 silly audit   'strip-comments': [ '2.0.1' ],
174 silly audit   'strip-final-newline': [ '2.0.0' ],
174 silly audit   'strip-indent': [ '3.0.0' ],
174 silly audit   'strip-json-comments': [ '3.1.1' ],
174 silly audit   'style-loader': [ '3.3.4' ],
174 silly audit   stylehacks: [ '5.1.1' ],
174 silly audit   sucrase: [ '3.35.0' ],
174 silly audit   'supports-hyperlinks': [ '2.3.0' ],
174 silly audit   'supports-preserve-symlinks-flag': [ '1.0.0' ],
174 silly audit   'svg-parser': [ '2.0.4' ],
174 silly audit   'symbol-tree': [ '3.2.4' ],
174 silly audit   tailwindcss: [ '3.4.17' ],
174 silly audit   'temp-dir': [ '2.0.0' ],
174 silly audit   tempy: [ '0.6.0' ],
174 silly audit   'terminal-link': [ '2.1.1' ],
174 silly audit   terser: [ '5.39.0' ],
174 silly audit   'terser-webpack-plugin': [ '5.3.14' ],
174 silly audit   'test-exclude': [ '6.0.0' ],
174 silly audit   'text-table': [ '0.2.0' ],
174 silly audit   thenify: [ '3.3.1' ],
174 silly audit   'thenify-all': [ '1.6.0' ],
174 silly audit   throat: [ '6.0.2' ],
174 silly audit   thunky: [ '1.1.0' ],
174 silly audit   tmpl: [ '1.0.5' ],
174 silly audit   'to-regex-range': [ '5.0.1' ],
174 silly audit   toidentifier: [ '1.0.1' ],
174 silly audit   'tough-cookie': [ '4.1.4' ],
174 silly audit   universalify: [ '0.2.0', '2.0.1' ],
174 silly audit   tr46: [ '2.1.0', '1.0.1' ],
174 silly audit   tryer: [ '1.0.1' ],
174 silly audit   'ts-interface-checker': [ '0.1.13' ],
174 silly audit   'tsconfig-paths': [ '3.15.0' ],
174 silly audit   tslib: [ '2.8.1', '1.14.1' ],
174 silly audit   tsutils: [ '3.21.0' ],
174 silly audit   'turbo-stream': [ '2.4.0' ],
174 silly audit   'type-detect': [ '4.0.8' ],
174 silly audit   'type-is': [ '1.6.18' ],
174 silly audit   'typed-array-buffer': [ '1.0.3' ],
174 silly audit   'typed-array-byte-length': [ '1.0.3' ],
174 silly audit   'typed-array-byte-offset': [ '1.0.4' ],
174 silly audit   'typed-array-length': [ '1.0.7' ],
174 silly audit   'typedarray-to-buffer': [ '3.1.5' ],
174 silly audit   typescript: [ '4.9.5' ],
174 silly audit   'unbox-primitive': [ '1.1.0' ],
174 silly audit   underscore: [ '1.12.1' ],
174 silly audit   'unicode-canonical-property-names-ecmascript': [ '2.0.1' ],
174 silly audit   'unicode-match-property-ecmascript': [ '2.0.0' ],
174 silly audit   'unicode-match-property-value-ecmascript': [ '2.2.0' ],
174 silly audit   'unicode-property-aliases-ecmascript': [ '2.1.0' ],
174 silly audit   'unique-string': [ '2.0.0' ],
174 silly audit   unpipe: [ '1.0.0' ],
174 silly audit   unquote: [ '1.1.1' ],
174 silly audit   upath: [ '1.2.0' ],
174 silly audit   'update-browserslist-db': [ '1.1.3' ],
174 silly audit   uploadthing: [ '7.6.0' ],
174 silly audit   'uri-js': [ '4.4.1' ],
174 silly audit   'url-parse': [ '1.5.10' ],
174 silly audit   'util-deprecate': [ '1.0.2' ],
174 silly audit   'util.promisify': [ '1.0.1' ],
174 silly audit   utila: [ '0.4.0' ],
174 silly audit   'utils-merge': [ '1.0.1' ],
174 silly audit   uuid: [ '8.3.2' ],
174 silly audit   'v8-to-istanbul': [ '8.1.1' ],
174 silly audit   vary: [ '1.1.2' ],
174 silly audit   'w3c-hr-time': [ '1.0.2' ],
174 silly audit   'w3c-xmlserializer': [ '2.0.0' ],
174 silly audit   walker: [ '1.0.8' ],
174 silly audit   watchpack: [ '2.4.2' ],
174 silly audit   wbuf: [ '1.7.3' ],
174 silly audit   webpack: [ '5.99.5' ],
174 silly audit   'webpack-dev-middleware': [ '5.3.4' ],
174 silly audit   'webpack-dev-server': [ '4.15.2' ],
174 silly audit   ws: [ '8.18.1', '7.5.10' ],
174 silly audit   'webpack-manifest-plugin': [ '4.1.1' ],
174 silly audit   'webpack-sources': [ '2.3.1', '3.2.3', '1.4.3' ],
174 silly audit   'websocket-driver': [ '0.7.4' ],
174 silly audit   'websocket-extensions': [ '0.1.4' ],
174 silly audit   'whatwg-encoding': [ '1.0.5' ],
174 silly audit   'whatwg-fetch': [ '3.6.20' ],
174 silly audit   'whatwg-mimetype': [ '2.3.0' ],
174 silly audit   'whatwg-url': [ '8.7.0', '7.1.0' ],
174 silly audit   'which-boxed-primitive': [ '1.1.1' ],
174 silly audit   'which-builtin-type': [ '1.2.1' ],
174 silly audit   'which-collection': [ '1.0.2' ],
174 silly audit   'which-typed-array': [ '1.1.19' ],
174 silly audit   'word-wrap': [ '1.2.5' ],
174 silly audit   'workbox-background-sync': [ '6.6.0' ],
174 silly audit   'workbox-broadcast-update': [ '6.6.0' ],
174 silly audit   'workbox-build': [ '6.6.0' ],
174 silly audit   '@apideck/better-ajv-errors': [ '0.3.6' ],
174 silly audit   'workbox-cacheable-response': [ '6.6.0' ],
174 silly audit   'workbox-core': [ '6.6.0' ],
174 silly audit   'workbox-expiration': [ '6.6.0' ],
174 silly audit   'workbox-google-analytics': [ '6.6.0' ],
174 silly audit   'workbox-navigation-preload': [ '6.6.0' ],
174 silly audit   'workbox-precaching': [ '6.6.0' ],
174 silly audit   'workbox-range-requests': [ '6.6.0' ],
174 silly audit   'workbox-recipes': [ '6.6.0' ],
174 silly audit   'workbox-routing': [ '6.6.0' ],
174 silly audit   'workbox-strategies': [ '6.6.0' ],
174 silly audit   'workbox-streams': [ '6.6.0' ],
174 silly audit   'workbox-sw': [ '6.6.0' ],
174 silly audit   'workbox-webpack-plugin': [ '6.6.0' ],
174 silly audit   'workbox-window': [ '6.6.0' ],
174 silly audit   wrappy: [ '1.0.2' ],
174 silly audit   'write-file-atomic': [ '3.0.3' ],
174 silly audit   'xml-name-validator': [ '3.0.0' ],
174 silly audit   xmlchars: [ '2.2.0' ],
174 silly audit   y18n: [ '5.0.8' ],
174 silly audit   yallist: [ '3.1.1' ],
174 silly audit   'yocto-queue': [ '0.1.0' ],
174 silly audit   '@headlessui/react': [ '2.2.2' ],
174 silly audit   'react-modal': [ '3.16.3' ],
174 silly audit   '@floating-ui/react': [ '0.26.28' ],
174 silly audit   '@react-aria/focus': [ '3.20.2' ],
174 silly audit   '@react-aria/interactions': [ '3.25.0' ],
174 silly audit   '@tanstack/react-virtual': [ '3.13.6' ],
174 silly audit   'use-sync-external-store': [ '1.5.0' ],
174 silly audit   '@floating-ui/react-dom': [ '2.1.2' ],
174 silly audit   '@floating-ui/utils': [ '0.2.9' ],
174 silly audit   tabbable: [ '6.2.0' ],
174 silly audit   '@floating-ui/dom': [ '1.6.13' ],
174 silly audit   '@floating-ui/core': [ '1.6.9' ],
174 silly audit   '@react-aria/utils': [ '3.28.2' ],
174 silly audit   '@react-types/shared': [ '3.29.0' ],
174 silly audit   '@swc/helpers': [ '0.5.17' ],
174 silly audit   '@react-aria/ssr': [ '3.9.8' ],
174 silly audit   '@react-stately/flags': [ '3.1.1' ],
174 silly audit   '@react-stately/utils': [ '3.10.6' ],
174 silly audit   '@tanstack/virtual-core': [ '3.13.6' ],
174 silly audit   exenv: [ '1.2.2' ],
174 silly audit   'react-lifecycles-compat': [ '3.0.4' ],
174 silly audit   warning: [ '4.0.3' ]
174 silly audit }
175 http cache warning@https://registry.npmjs.org/warning/-/warning-4.0.3.tgz 0ms (cache hit)
176 http cache react-lifecycles-compat@https://registry.npmjs.org/react-lifecycles-compat/-/react-lifecycles-compat-3.0.4.tgz 0ms (cache hit)
177 http cache exenv@https://registry.npmjs.org/exenv/-/exenv-1.2.2.tgz 0ms (cache hit)
178 http cache @tanstack/virtual-core@https://registry.npmjs.org/@tanstack/virtual-core/-/virtual-core-3.13.6.tgz 0ms (cache hit)
179 http cache @react-stately/utils@https://registry.npmjs.org/@react-stately/utils/-/utils-3.10.6.tgz 0ms (cache hit)
180 http cache @react-stately/flags@https://registry.npmjs.org/@react-stately/flags/-/flags-3.1.1.tgz 0ms (cache hit)
181 http cache @react-aria/ssr@https://registry.npmjs.org/@react-aria/ssr/-/ssr-3.9.8.tgz 0ms (cache hit)
182 http cache @react-types/shared@https://registry.npmjs.org/@react-types/shared/-/shared-3.29.0.tgz 0ms (cache hit)
183 http cache @swc/helpers@https://registry.npmjs.org/@swc/helpers/-/helpers-0.5.17.tgz 0ms (cache hit)
184 http cache @react-aria/utils@https://registry.npmjs.org/@react-aria/utils/-/utils-3.28.2.tgz 0ms (cache hit)
185 http cache @floating-ui/dom@https://registry.npmjs.org/@floating-ui/dom/-/dom-1.6.13.tgz 0ms (cache hit)
186 http cache @floating-ui/core@https://registry.npmjs.org/@floating-ui/core/-/core-1.6.9.tgz 0ms (cache hit)
187 http cache @floating-ui/utils@https://registry.npmjs.org/@floating-ui/utils/-/utils-0.2.9.tgz 0ms (cache hit)
188 http cache @floating-ui/react-dom@https://registry.npmjs.org/@floating-ui/react-dom/-/react-dom-2.1.2.tgz 0ms (cache hit)
189 http cache use-sync-external-store@https://registry.npmjs.org/use-sync-external-store/-/use-sync-external-store-1.5.0.tgz 0ms (cache hit)
190 http cache tabbable@https://registry.npmjs.org/tabbable/-/tabbable-6.2.0.tgz 0ms (cache hit)
191 http cache @tanstack/react-virtual@https://registry.npmjs.org/@tanstack/react-virtual/-/react-virtual-3.13.6.tgz 0ms (cache hit)
192 http cache @react-aria/focus@https://registry.npmjs.org/@react-aria/focus/-/focus-3.20.2.tgz 0ms (cache hit)
193 http cache @react-aria/interactions@https://registry.npmjs.org/@react-aria/interactions/-/interactions-3.25.0.tgz 0ms (cache hit)
194 http cache @floating-ui/react@https://registry.npmjs.org/@floating-ui/react/-/react-0.26.28.tgz 0ms (cache hit)
195 http cache react-modal@https://registry.npmjs.org/react-modal/-/react-modal-3.16.3.tgz 0ms (cache hit)
196 http cache @headlessui/react@https://registry.npmjs.org/@headlessui/react/-/react-2.2.2.tgz 0ms (cache hit)
197 silly tarball no local data for warning@https://registry.npmjs.org/warning/-/warning-4.0.3.tgz. Extracting by manifest.
198 silly tarball no local data for react-lifecycles-compat@https://registry.npmjs.org/react-lifecycles-compat/-/react-lifecycles-compat-3.0.4.tgz. Extracting by manifest.
199 silly tarball no local data for exenv@https://registry.npmjs.org/exenv/-/exenv-1.2.2.tgz. Extracting by manifest.
200 silly tarball no local data for @tanstack/virtual-core@https://registry.npmjs.org/@tanstack/virtual-core/-/virtual-core-3.13.6.tgz. Extracting by manifest.
201 silly tarball no local data for @react-stately/utils@https://registry.npmjs.org/@react-stately/utils/-/utils-3.10.6.tgz. Extracting by manifest.
202 silly tarball no local data for @react-stately/flags@https://registry.npmjs.org/@react-stately/flags/-/flags-3.1.1.tgz. Extracting by manifest.
203 silly tarball no local data for @react-aria/ssr@https://registry.npmjs.org/@react-aria/ssr/-/ssr-3.9.8.tgz. Extracting by manifest.
204 silly tarball no local data for @react-types/shared@https://registry.npmjs.org/@react-types/shared/-/shared-3.29.0.tgz. Extracting by manifest.
205 silly tarball no local data for @swc/helpers@https://registry.npmjs.org/@swc/helpers/-/helpers-0.5.17.tgz. Extracting by manifest.
206 silly tarball no local data for @react-aria/utils@https://registry.npmjs.org/@react-aria/utils/-/utils-3.28.2.tgz. Extracting by manifest.
207 silly tarball no local data for @floating-ui/dom@https://registry.npmjs.org/@floating-ui/dom/-/dom-1.6.13.tgz. Extracting by manifest.
208 silly tarball no local data for @floating-ui/core@https://registry.npmjs.org/@floating-ui/core/-/core-1.6.9.tgz. Extracting by manifest.
209 silly tarball no local data for @floating-ui/utils@https://registry.npmjs.org/@floating-ui/utils/-/utils-0.2.9.tgz. Extracting by manifest.
210 silly tarball no local data for @floating-ui/react-dom@https://registry.npmjs.org/@floating-ui/react-dom/-/react-dom-2.1.2.tgz. Extracting by manifest.
211 silly tarball no local data for use-sync-external-store@https://registry.npmjs.org/use-sync-external-store/-/use-sync-external-store-1.5.0.tgz. Extracting by manifest.
212 silly tarball no local data for tabbable@https://registry.npmjs.org/tabbable/-/tabbable-6.2.0.tgz. Extracting by manifest.
213 silly tarball no local data for @tanstack/react-virtual@https://registry.npmjs.org/@tanstack/react-virtual/-/react-virtual-3.13.6.tgz. Extracting by manifest.
214 silly tarball no local data for @react-aria/focus@https://registry.npmjs.org/@react-aria/focus/-/focus-3.20.2.tgz. Extracting by manifest.
215 silly tarball no local data for @react-aria/interactions@https://registry.npmjs.org/@react-aria/interactions/-/interactions-3.25.0.tgz. Extracting by manifest.
216 silly tarball no local data for @floating-ui/react@https://registry.npmjs.org/@floating-ui/react/-/react-0.26.28.tgz. Extracting by manifest.
217 silly tarball no local data for react-modal@https://registry.npmjs.org/react-modal/-/react-modal-3.16.3.tgz. Extracting by manifest.
218 silly tarball no local data for @headlessui/react@https://registry.npmjs.org/@headlessui/react/-/react-2.2.2.tgz. Extracting by manifest.
219 http fetch GET 200 https://registry.npmjs.org/react-lifecycles-compat/-/react-lifecycles-compat-3.0.4.tgz 73ms (cache miss)
220 http fetch GET 200 https://registry.npmjs.org/warning/-/warning-4.0.3.tgz 74ms (cache miss)
221 http fetch GET 200 https://registry.npmjs.org/use-sync-external-store/-/use-sync-external-store-1.5.0.tgz 101ms (cache miss)
222 http fetch GET 200 https://registry.npmjs.org/tabbable/-/tabbable-6.2.0.tgz 111ms (cache miss)
223 http fetch GET 200 https://registry.npmjs.org/@react-types/shared/-/shared-3.29.0.tgz 168ms (cache miss)
224 http fetch GET 200 https://registry.npmjs.org/@react-aria/ssr/-/ssr-3.9.8.tgz 169ms (cache miss)
225 http fetch GET 200 https://registry.npmjs.org/exenv/-/exenv-1.2.2.tgz 179ms (cache miss)
226 http fetch POST 200 https://registry.npmjs.org/-/npm/v1/security/advisories/bulk 312ms
227 silly audit report {
227 silly audit report   'nth-check': [
227 silly audit report     {
227 silly audit report       id: 1095141,
227 silly audit report       url: 'https://github.com/advisories/GHSA-rp65-9cf3-cjxr',
227 silly audit report       title: 'Inefficient Regular Expression Complexity in nth-check',
227 silly audit report       severity: 'high',
227 silly audit report       vulnerable_versions: '<2.0.1',
227 silly audit report       cwe: [Array],
227 silly audit report       cvss: [Object]
227 silly audit report     }
227 silly audit report   ],
227 silly audit report   postcss: [
227 silly audit report     {
227 silly audit report       id: 1094544,
227 silly audit report       url: 'https://github.com/advisories/GHSA-7fh5-64p2-3v2j',
227 silly audit report       title: 'PostCSS line return parsing error',
227 silly audit report       severity: 'moderate',
227 silly audit report       vulnerable_versions: '<8.4.31',
227 silly audit report       cwe: [Array],
227 silly audit report       cvss: [Object]
227 silly audit report     }
227 silly audit report   ]
227 silly audit report }
228 silly packumentCache corgi:https://registry.npmjs.org/nth-check cache-miss
229 silly packumentCache corgi:https://registry.npmjs.org/postcss cache-miss
230 http fetch GET 200 https://registry.npmjs.org/@react-stately/flags/-/flags-3.1.1.tgz 298ms (cache miss)
231 http fetch GET 200 https://registry.npmjs.org/@floating-ui/utils/-/utils-0.2.9.tgz 309ms (cache miss)
232 http fetch GET 200 https://registry.npmjs.org/react-modal/-/react-modal-3.16.3.tgz 318ms (cache miss)
233 http fetch GET 200 https://registry.npmjs.org/@tanstack/react-virtual/-/react-virtual-3.13.6.tgz 327ms (cache miss)
234 http fetch GET 200 https://registry.npmjs.org/@tanstack/virtual-core/-/virtual-core-3.13.6.tgz 357ms (cache miss)
235 http fetch GET 200 https://registry.npmjs.org/@react-stately/utils/-/utils-3.10.6.tgz 359ms (cache miss)
236 http fetch GET 200 https://registry.npmjs.org/@floating-ui/dom/-/dom-1.6.13.tgz 360ms (cache miss)
237 http fetch GET 200 https://registry.npmjs.org/@floating-ui/core/-/core-1.6.9.tgz 361ms (cache miss)
238 http fetch GET 200 https://registry.npmjs.org/@floating-ui/react/-/react-0.26.28.tgz 369ms (cache miss)
239 http fetch GET 200 https://registry.npmjs.org/@floating-ui/react-dom/-/react-dom-2.1.2.tgz 376ms (cache miss)
240 http fetch GET 200 https://registry.npmjs.org/@react-aria/focus/-/focus-3.20.2.tgz 397ms (cache miss)
241 http fetch GET 200 https://registry.npmjs.org/@react-aria/utils/-/utils-3.28.2.tgz 422ms (cache miss)
242 http fetch GET 200 https://registry.npmjs.org/@react-aria/interactions/-/interactions-3.25.0.tgz 440ms (cache miss)
243 http fetch GET 200 https://registry.npmjs.org/nth-check 176ms (cache updated)
244 silly packumentCache corgi:https://registry.npmjs.org/nth-check set size:undefined disposed:false
245 http fetch GET 200 https://registry.npmjs.org/postcss 183ms (cache updated)
246 silly packumentCache corgi:https://registry.npmjs.org/postcss set size:undefined disposed:false
247 silly packumentCache corgi:https://registry.npmjs.org/css-select cache-miss
248 http fetch GET 200 https://registry.npmjs.org/@headlessui/react/-/react-2.2.2.tgz 576ms (cache miss)
249 http fetch GET 200 https://registry.npmjs.org/css-select 103ms (cache updated)
250 silly packumentCache corgi:https://registry.npmjs.org/css-select set size:undefined disposed:false
251 silly packumentCache corgi:https://registry.npmjs.org/resolve-url-loader cache-miss
252 http fetch GET 200 https://registry.npmjs.org/@swc/helpers/-/helpers-0.5.17.tgz 606ms (cache miss)
253 http fetch GET 200 https://registry.npmjs.org/resolve-url-loader 1740ms (cache updated)
254 silly packumentCache corgi:https://registry.npmjs.org/resolve-url-loader set size:undefined disposed:false
255 silly packumentCache corgi:https://registry.npmjs.org/svgo cache-miss
256 http fetch GET 200 https://registry.npmjs.org/svgo 111ms (cache updated)
257 silly packumentCache corgi:https://registry.npmjs.org/svgo set size:undefined disposed:false
258 silly packumentCache corgi:https://registry.npmjs.org/react-scripts cache-miss
259 http fetch GET 200 https://registry.npmjs.org/react-scripts 1078ms (cache updated)
260 silly packumentCache corgi:https://registry.npmjs.org/react-scripts set size:undefined disposed:false
261 silly packumentCache corgi:https://registry.npmjs.org/@svgr%2fplugin-svgo cache-miss
262 http fetch GET 200 https://registry.npmjs.org/@svgr%2fplugin-svgo 276ms (cache updated)
263 silly packumentCache corgi:https://registry.npmjs.org/@svgr%2fplugin-svgo set size:undefined disposed:false
264 silly packumentCache corgi:https://registry.npmjs.org/@svgr%2fwebpack cache-miss
265 http fetch GET 200 https://registry.npmjs.org/@svgr%2fwebpack 1713ms (cache updated)
266 silly packumentCache corgi:https://registry.npmjs.org/@svgr%2fwebpack set size:undefined disposed:false
267 silly ADD node_modules/warning
268 silly ADD node_modules/react-lifecycles-compat
269 silly ADD node_modules/exenv
270 silly ADD node_modules/@tanstack/virtual-core
271 silly ADD node_modules/@react-stately/utils
272 silly ADD node_modules/@react-stately/flags
273 silly ADD node_modules/@react-aria/ssr
274 silly ADD node_modules/@swc/helpers
275 silly ADD node_modules/@react-types/shared
276 silly ADD node_modules/@react-aria/utils
277 silly ADD node_modules/@floating-ui/core
278 silly ADD node_modules/@floating-ui/dom
279 silly ADD node_modules/tabbable
280 silly ADD node_modules/@floating-ui/utils
281 silly ADD node_modules/@floating-ui/react-dom
282 silly ADD node_modules/use-sync-external-store
283 silly ADD node_modules/@tanstack/react-virtual
284 silly ADD node_modules/@react-aria/interactions
285 silly ADD node_modules/@react-aria/focus
286 silly ADD node_modules/@floating-ui/react
287 silly ADD node_modules/react-modal
288 silly ADD node_modules/@headlessui/react
289 verbose cwd /Volumes/2TBKINGSTON/Law7a/law7a
290 verbose os Darwin 24.3.0
291 verbose node v20.18.1
292 verbose npm  v11.1.0
293 verbose exit 0
294 info ok
